<configuration info>
TeamName: ATRI
Mode: NT
Timeout: 5000
TestDir: ../tests/problems1/NT/stage2/
TestSize: 50
All tests
Grader path: ../lib/libasp

<01.xml>
# Environment Description:
(:domain (hold 13) (plate 20) (at 0 8) (sort 1 human) (size 1 big) (at 1 1) (sort 2 desk) (size 2 big) (at 2 2) (sort 3 television) (size 3 big) (at 3 3) (sort 4 chair) (size 4 big) (at 4 4) (sort 5 bed) (size 5 big) (at 5 5) (sort 6 refrigerator) (size 6 big) (at 6 6) (type 6 container) (sort 7 closet) (size 7 big) (at 7 7) (type 7 container) (closed 7) (sort 8 cupboard) (size 8 big) (at 8 8) (type 8 container) (opened 8) (sort 9 microwave) (size 9 big) (at 9 9) (type 9 container) (sort 10 sofa) (size 10 big) (at 10 10) (sort 11 table) (size 11 big) (at 11 11) (sort 12 book) (size 12 small) (color 12 yellow) (sort 13 book) (size 13 small) (color 13 green) (sort 14 book) (size 14 small) (color 14 white) (sort 15 bottle) (size 15 small) (color 15 green) (at 15 2) (sort 16 bottle) (size 16 small) (color 16 blue) (sort 17 cup) (size 17 small) (color 17 black) (sort 18 cup) (size 18 small) (color 18 white) (sort 19 remotecontrol) (size 19 small) (color 19 white) (inside 19 7) (sort 20 can) (size 20 small) (color 20 blue) (sort 21 can) (size 21 small) (color 21 yellow) (sort 22 bottle) (size 22 small) (color 22 red) (at 22 9)  (inside 14 7) (inside 18 9))
# Task Description:
The door of the refrigerator is closed. The door of the microwave is opened. The green bottle must be on the desk. Please put a can on the bed. Please put the bottle which is blue on the television. Take out the remotecontrol from the cupboard. Please put a book on the table. Go to the sofa. Please put the black cup on the desk. Give the human a yellow can. Pick up the green bottle. Please put the blue can in the refrigerator.
# Results:
	[PutDown 13|true]
	[FromPlate 20|true]
	[Move 5|true]
	[PutDown 20|true]
	[AskLoc 16|inside(16,6)]
	[Move 6|true]
	[Open 6|true]
	[TakeOut 16 6|true]
	[Move 3|true]
	[PutDown 16|true]
	[AskLoc 12|inside(12,6)]
	[Move 6|true]
	[TakeOut 12 6|true]
	[Move 11|true]
	[PutDown 12|true]
	[AskLoc 17|at(17,11)]
	[PickUp 17|true]
	[Move 2|true]
	[PutDown 17|true]
	[AskLoc 21|at(21,6)]
	[Move 6|true]
	[PickUp 21|true]
	[Move 1|true]
	[PutDown 21|true]
	[Move 5|true]
	[PickUp 20|true]
	[Move 6|true]
	[PutIn 20 6|true]
	[AskLoc 19|inside(19,7)]
	[Move 7|true]
	[Open 7|true]
	[TakeOut 19 7|true]
	[Move 8|true]
	[PutIn 19 8|true]
	[TakeOut 19 8|true]
	[PutDown 19|true]
	[Move 2|true]
	[PickUp 15|true]
	[Move 10|true]

# Time: 4.091
# Score: 232

<02.xml>
# Environment Description:
(:domain (hold 11) (plate 18) (at 0 8) (sort 1 human) (size 1 big) (at 1 1) (sort 2 desk) (size 2 big) (at 2 2) (sort 3 television) (size 3 big) (at 3 3) (sort 4 chair) (size 4 big) (at 4 4) (sort 5 bed) (size 5 big) (at 5 5) (sort 6 refrigerator) (size 6 big) (at 6 6) (type 6 container) (sort 7 closet) (size 7 big) (at 7 7) (type 7 container) (closed 7) (sort 8 cupboard) (size 8 big) (at 8 8) (type 8 container) (opened 8) (sort 9 microwave) (size 9 big) (at 9 9) (type 9 container) (sort 10 book) (size 10 small) (color 10 yellow) (sort 11 book) (size 11 small) (color 11 green) (sort 12 book) (size 12 small) (color 12 white) (sort 13 bottle) (size 13 small) (color 13 green) (at 13 2) (sort 14 bottle) (size 14 small) (color 14 blue) (sort 15 cup) (size 15 small) (color 15 black) (sort 16 cup) (size 16 small) (color 16 white) (sort 17 remotecontrol) (color 17 black) (size 17 small) (sort 18 can) (size 18 small) (color 18 white)  (inside 12 7) (inside 16 9) (at 17 1))
# Task Description:
The refrigerator is not opened. The microwave is not closed. Please put the white can in the closet. Please put the white cup in the closet. Please put the white book on the chair. Please put the blue bottle on bed. Take out the book which is yellow from refrigerator. Pick up the green bottle. Give the black cup to human.
# Results:
	[PutDown 11|true]
	[FromPlate 18|true]
	[Move 7|true]
	[PutDown 18|true]
	[Open 7|true]
	[PickUp 18|true]
	[PutIn 18 7|true]
	[Move 9|true]
	[TakeOut 16 9|false]
	[Sense | 9]
	[AskLoc 16|at(16,2)]
	[Move 2|true]
	[PickUp 16|false]
	[Sense | 15 13 2]
	[AskLoc 16|at(16,1)]
	[Move 1|true]
	[PickUp 16|true]
	[Move 9|true]
	[PutIn 16 9|true]
	[TakeOut 16 9|true]
	[Move 7|true]
	[PutIn 16 7|true]
	[TakeOut 12 7|false]
	[Sense | 7 18 16]
	[Close 7|true]
	[Sense | 7]
	[AskLoc 12|at(12,2)]
	[Move 2|true]
	[PickUp 12|false]
	[Sense | 2 13 15]
	[AskLoc 12|inside(12,8)]
	[Move 8|true]
	[TakeOut 12 8|true]
	[PutDown 12|true]
	[PickUp 12|true]
	[Move 7|true]
	[PutDown 12|true]
	[Open 7|true]
	[PickUp 12|true]
	[PutIn 12 7|true]
	[TakeOut 12 7|true]
	[Move 4|true]
	[PutDown 12|true]
	[AskLoc 14|inside(14,6)]
	[Move 6|true]
	[Open 6|true]
	[TakeOut 14 6|true]
	[Move 5|true]
	[PutDown 14|true]

# Time: 5
# Score: 0

