<configuration info>
TeamName: ATRI
Mode: NT
Timeout: 5000
TestDir: ../tests/problems1/IT/stage2/
TestSize: 50
All tests
Grader path: ../lib/libasp

<01.xml>
# Environment Description:
(:domain (hold 13) (plate 20) (at 0 8) (sort 1 human) (size 1 big) (at 1 1) (sort 2 desk) (size 2 big) (at 2 2) (sort 3 television) (size 3 big) (at 3 3) (sort 4 chair) (size 4 big) (at 4 4) (sort 5 bed) (size 5 big) (at 5 5) (sort 6 refrigerator) (size 6 big) (at 6 6) (type 6 container) (sort 7 closet) (size 7 big) (at 7 7) (type 7 container) (closed 7) (sort 8 cupboard) (size 8 big) (at 8 8) (type 8 container) (opened 8) (sort 9 microwave) (size 9 big) (at 9 9) (type 9 container) (sort 10 sofa) (size 10 big) (at 10 10) (sort 11 table) (size 11 big) (at 11 11) (sort 12 book) (size 12 small) (color 12 yellow) (sort 13 book) (size 13 small) (color 13 green) (sort 14 book) (size 14 small) (color 14 white) (sort 15 bottle) (size 15 small) (color 15 green) (at 15 2) (sort 16 bottle) (size 16 small) (color 16 blue) (sort 17 cup) (size 17 small) (color 17 black) (sort 18 cup) (size 18 small) (color 18 white) (sort 19 remotecontrol) (size 19 small) (color 19 white) (inside 19 7) (sort 20 can) (size 20 small) (color 20 blue) (sort 21 can) (size 21 small) (color 21 yellow) (sort 22 bottle) (size 22 small) (color 22 red) (at 22 9)  (inside 14 7) (inside 18 9))
# Task Description:
The door of the refrigerator is closed. The door of the microwave is opened. The green bottle must be on the desk. Put a can on the bed. Put the bottle which is blue on the television. Take out the remotecontrol from the cupboard. Put a book on the table. Go to the sofa. Put the black cup on the desk. Give the human a yellow can. Pick up the green bottle. Put the blue can in the refrigerator.
# Results:
	[PutDown 13|true]
	[FromPlate 20|true]
	[Move 5|true]
	[PutDown 20|true]
	[AskLoc 16|at(16,10)]
	[Move 10|true]
	[PickUp 16|false]
	[Sense | 10]
	[AskLoc 16|inside(16,6)]
	[Move 6|true]
	[Open 6|true]
	[TakeOut 16 6|true]
	[PutDown 16|true]
	[PickUp 16|true]
	[Move 3|true]
	[PutDown 16|true]
	[AskLoc 12|inside(12,6)]
	[Move 6|true]
	[TakeOut 12 6|true]
	[Move 11|true]
	[PutDown 12|true]
	[AskLoc 17|inside(17,14)]
	[AskLoc 17|at(17,4)]
	[Move 4|true]
	[PickUp 17|false]
	[Sense | 4]
	[AskLoc 17|at(17,11)]
	[Move 11|true]
	[PickUp 17|true]
	[Move 2|true]
	[PutDown 17|true]
	[AskLoc 21|at(21,6)]
	[Move 6|true]
	[PickUp 21|true]
	[Move 1|true]
	[PutDown 21|true]
	[Move 5|true]
	[PickUp 20|true]
	[Move 6|true]
	[PutIn 20 6|true]
	[AskLoc 19|inside(19,7)]
	[Move 7|true]
	[Open 7|true]
	[TakeOut 19 7|true]
	[Move 8|true]
	[PutIn 19 8|true]
	[TakeOut 19 8|true]
	[PutDown 19|true]
	[Move 2|true]
	[PickUp 15|true]

# Time: 0.899
# Score: 212

<02.xml>
# Environment Description:
(:domain (hold 11) (plate 18) (at 0 8) (sort 1 human) (size 1 big) (at 1 1) (sort 2 desk) (size 2 big) (at 2 2) (sort 3 television) (size 3 big) (at 3 3) (sort 4 chair) (size 4 big) (at 4 4) (sort 5 bed) (size 5 big) (at 5 5) (sort 6 refrigerator) (size 6 big) (at 6 6) (type 6 container) (sort 7 closet) (size 7 big) (at 7 7) (type 7 container) (closed 7) (sort 8 cupboard) (size 8 big) (at 8 8) (type 8 container) (opened 8) (sort 9 microwave) (size 9 big) (at 9 9) (type 9 container) (sort 10 book) (size 10 small) (color 10 yellow) (sort 11 book) (size 11 small) (color 11 green) (sort 12 book) (size 12 small) (color 12 white) (sort 13 bottle) (size 13 small) (color 13 green) (at 13 2) (sort 14 bottle) (size 14 small) (color 14 blue) (sort 15 cup) (size 15 small) (color 15 black) (sort 16 cup) (size 16 small) (color 16 white) (sort 17 remotecontrol) (color 17 black) (size 17 small) (sort 18 can) (size 18 small) (color 18 white)  (inside 12 7) (inside 16 9) (at 17 1))
# Task Description:
The refrigerator is not opened. The microwave is not closed. Put the white can in the closet. Put the white cup in the closet. Put the white book on the chair. Put the blue bottle on bed. Take out the book which is yellow from refrigerator. Pick up the green bottle. Give the black cup to human.
# Results:
	[PutDown 11|true]
	[FromPlate 18|true]
	[Move 7|true]
	[PutDown 18|true]
	[Open 7|true]
	[PickUp 18|true]
	[PutIn 18 7|true]
	[Move 9|true]
	[TakeOut 16 9|false]
	[Sense | 9]
	[AskLoc 16|not_known]
	[AskLoc 16|at(16,1)]
	[Move 1|true]
	[PickUp 16|true]
	[Move 9|true]
	[PutIn 16 9|true]
	[TakeOut 16 9|true]
	[Move 7|true]
	[PutIn 16 7|true]
	[TakeOut 12 7|false]
	[Sense | 7 18 16]
	[Close 7|true]
	[Sense | 7]
	[AskLoc 12|inside(12,8)]
	[Move 8|true]
	[TakeOut 12 8|true]
	[Move 7|true]
	[PutDown 12|true]
	[Open 7|true]
	[PickUp 12|true]
	[PutIn 12 7|true]
	[TakeOut 12 7|true]
	[Move 4|true]
	[PutDown 12|true]
	[AskLoc 14|inside(14,6)]
	[Move 6|true]
	[Open 6|true]
	[TakeOut 14 6|true]
	[Move 5|true]
	[PutDown 14|true]
	[AskLoc 15|at(15,2)]
	[Move 2|true]
	[PickUp 15|true]
	[Move 1|true]
	[PutDown 15|true]
	[AskLoc 10|inside(10,6)]
	[Move 6|true]
	[TakeOut 10 6|true]
	[PutDown 10|true]
	[Move 2|true]
	[PickUp 13|true]

# Time: 0.845
# Score: 235

<03.xml>
# Environment Description:
(:domain (hold 0) (plate 17) (at 0 1) (sort 1 human) (size 1 big) (at 1 2) (sort 2 bed) (size 2 big) (at 2 2) (sort 3 desk) (size 3 big) (at 3 3) (sort 4 chair) (size 4 big) (at 4 4) (sort 5 refrigerator) (size 5 big) (at 5 5) (type 5 container) (sort 6 closet) (size 6 big) (at 6 6) (type 6 container) (closed 6) (sort 7 television) (size 7 big) (at 7 7) (sort 8 microwave) (size 8 big) (at 8 8) (type 8 container) (sort 9 teapoy) (size 9 big) (at 9 9) (sort 10 couch) (size 10 big) (at 10 10) (sort 11 sofa) (size 11 big) (at 11 11) (sort 12 cupboard) (size 12 big) (at 12 12) (type 12 container) (opened 12) (sort 13 airconditioner) (size 13 big) (at 13 13) (sort 14 washmachine) (size 14 big) (at 14 14) (type 14 container) (opened 14) (sort 15 book) (size 15 small) (color 15 yellow) (sort 16 book) (size 16 small) (color 16 green) (sort 17 book) (size 17 small) (color 17 white) (at 17 2) (sort 18 bottle) (size 18 small) (color 18 green) (at 18 2) (sort 19 bottle) (size 19 small) (color 19 blue) (sort 20 bottle) (size 20 small) (color 20 yellow) (at 20 3) (sort 21 cup) (size 21 small) (color 21 white) (sort 22 remotecontrol) (size 22 small) (color 22 red) (sort 23 can) (size 23 small) (color 23 red) (at 23 4) (sort 24 can) (size 24 small) (color 24 white)  (at 21 9) (at 24 1))
# Task Description:
There is a closed refrigerator. There is an opened microwave. The white remotecontrol is in the washmachine. The red can must be on the chair. Put the white can on bed. Put a white book in cupboard. Give the yellow book to human. Put the green book on the desk. Put the white cup in the microwave. Put the yellow bottle on the teapoy.
# Results:
	[PickUp 24|false]
	[Sense | 17 21]
	[AskLoc 24|at(24,1)]
	[Move 1|false]
	[FromPlate 17|true]
	[Move 12|true]
	[PutIn 17 12|true]
	[AskLoc 15|not_known]
	[AskLoc 15|inside(15,5)]
	[Move 5|true]
	[Open 5|true]
	[TakeOut 15 5|true]
	[Move 2|true]
	[PutDown 15|true]
	[AskLoc 16|at(16,2)]
	[PickUp 16|true]
	[Move 3|true]
	[PutDown 16|true]
	[Move 1|true]
	[PickUp 21|true]
	[Move 8|true]
	[PutIn 21 8|true]
	[Move 3|true]
	[PickUp 20|true]
	[Move 9|true]
	[PutDown 20|true]

# Time: 0.476
# Score: 241

<04.xml>
# Environment Description:
(:domain (hold 11) (plate 18) (at 0 8) (sort 1 human) (size 1 big) (at 1 1) (sort 2 desk) (size 2 big) (at 2 2) (sort 3 television) (size 3 big) (at 3 3) (sort 4 chair) (size 4 big) (at 4 4) (sort 5 bed) (size 5 big) (at 5 5) (sort 6 refrigerator) (size 6 big) (at 6 6) (type 6 container) (sort 7 closet) (size 7 big) (at 7 7) (type 7 container) (closed 7) (sort 8 cupboard) (size 8 big) (at 8 8) (type 8 container) (opened 8) (sort 9 microwave) (size 9 big) (at 9 9) (type 9 container) (sort 10 book) (size 10 small) (color 10 yellow) (sort 11 book) (size 11 small) (color 11 green) (sort 12 book) (size 12 small) (color 12 white) (sort 13 bottle) (size 13 small) (color 13 green) (at 13 2) (sort 14 bottle) (size 14 small) (color 14 blue) (sort 15 cup) (size 15 small) (color 15 black) (sort 16 cup) (size 16 small) (color 16 white) (sort 17 remotecontrol) (size 17 small) (color 17 white) (sort 18 can) (size 18 small) (color 18 white)  (inside 12 7) (inside 16 9) (at 17 1))
# Task Description:
The door of refrigerator is closed. The door of microwave is opened. The door of the refrigerator must be closed. Put a black cup on television. Put the green bottle on cupboard. Put a green book on the chair. Put the white book in the closet. Pick up the white can. Give the blue bottle to human. Put the white cup in the cupboard.
# Results:
	[AskLoc 15|at(15,2)]
	[PutDown 11|true]
	[Move 2|true]
	[PickUp 15|true]
	[Move 3|true]
	[PutDown 15|true]
	[Move 2|true]
	[PickUp 13|true]
	[Move 8|true]
	[PutDown 13|true]
	[PickUp 11|true]
	[Move 4|true]
	[PutDown 11|true]
	[Move 7|true]
	[Open 7|true]
	[TakeOut 12 7|false]
	[Sense | 18 7]
	[AskLoc 12|at(12,4)]
	[Move 4|true]
	[PickUp 12|false]
	[Sense | 4 11 18]
	[AskLoc 12|inside(12,8)]
	[Move 8|true]
	[TakeOut 12 8|true]
	[PutDown 12|true]
	[PickUp 12|true]
	[Move 7|true]
	[PutIn 12 7|true]
	[TakeOut 12 7|true]
	[PutIn 12 7|true]
	[AskLoc 14|inside(14,6)]
	[Move 6|true]
	[Move 9|true]
	[TakeOut 16 9|false]
	[Sense | 9 18]
	[AskLoc 16|at(16,1)]
	[Move 1|true]
	[PickUp 16|true]
	[Move 9|true]
	[PutIn 16 9|true]
	[TakeOut 16 9|true]
	[Move 8|true]
	[PutIn 16 8|true]
	[PickUp 18|false]
	[Sense | 18 8 13 17 16]
	[Close 8|true]
	[Sense | 13 8 18]
	[PickUp 18|false]

# Time: 0.884
# Score: 223

<05.xml>
# Environment Description:
(:domain (hold 11) (plate 18) (at 0 8) (sort 1 human) (size 1 big) (at 1 1) (sort 2 desk) (size 2 big) (at 2 2) (sort 3 television) (size 3 big) (at 3 3) (sort 4 chair) (size 4 big) (at 4 4) (sort 5 bed) (size 5 big) (at 5 5) (sort 6 refrigerator) (size 6 big) (at 6 6) (type 6 container) (sort 7 closet) (size 7 big) (at 7 7) (type 7 container) (closed 7) (sort 8 cupboard) (size 8 big) (at 8 8) (type 8 container) (opened 8) (sort 9 microwave) (size 9 big) (at 9 9) (type 9 container) (sort 10 book) (size 10 small) (color 10 yellow) (sort 11 book) (size 11 small) (color 11 green) (sort 12 book) (size 12 small) (color 12 white) (sort 13 bottle) (size 13 small) (color 13 green) (at 13 2) (sort 14 bottle) (size 14 small) (color 14 blue) (sort 15 cup) (size 15 small) (color 15 black) (sort 16 cup) (size 16 small) (color 16 white) (sort 17 remotecontrol) (size 17 small) (color 17 white) (sort 18 can) (size 18 small) (color 18 green)  (inside 12 7) (inside 16 9) (at 17 1))
# Task Description:
The door of refrigerator is closed. The door of microwave is opened. Put the white book on the bed. Put the green bottle in the cupboard. Put the green book on the chair. Put the black cup in microwave. Take the green can out of the microwave. Put the black cup in the closet.
# Results:
	[PutDown 11|true]
	[Move 7|true]
	[Open 7|true]
	[TakeOut 12 7|false]
	[Sense | 18 7]
	[AskLoc 12|at(12,9)]
	[Move 9|true]
	[PickUp 12|false]
	[Sense | 9 18]
	[AskLoc 12|inside(12,8)]
	[Move 8|true]
	[TakeOut 12 8|true]
	[PutDown 12|true]
	[PickUp 12|true]
	[Move 7|true]
	[PutIn 12 7|true]
	[TakeOut 12 7|true]
	[Move 5|true]
	[PutDown 12|true]
	[Move 2|true]
	[PickUp 13|true]
	[Move 8|true]
	[PutIn 13 8|true]
	[PickUp 11|true]
	[Move 4|true]
	[PutDown 11|true]
	[AskLoc 15|at(15,2)]
	[Move 2|true]
	[PickUp 15|true]
	[Move 9|true]
	[PutIn 15 9|true]
	[TakeOut 15 9|true]
	[Move 7|true]
	[PutIn 15 7|true]

# Time: 0.58
# Score: 200

<06.xml>
# Environment Description:
(:domain (hold 0) (plate 15) (at 0 5) (sort 1 worktable) (size 1 big) (at 1 1) (sort 2 closet) (size 2 big) (at 2 2) (type 2 container) (closed 2) (sort 3 microwave) (size 3 big) (at 3 3) (type 3 container) (opened 3) (sort 4 plant) (size 4 big) (at 4 4) (sort 5 sofa) (size 5 big) (at 5 5) (sort 6 human) (size 6 big) (at 6 6) (sort 7 teapoy) (size 7 big) (at 7 7) (sort 8 can) (size 8 small) (color 8 red) (sort 9 can) (size 9 small) (color 9 green) (sort 10 can) (size 10 small) (color 10 black) (sort 11 can) (size 11 small) (color 11 white) (sort 12 bottle) (size 12 small) (color 12 red) (sort 13 bottle) (size 13 small) (color 13 blue) (sort 14 book) (size 14 small) (color 14 red) (sort 15 book) (size 15 small) (color 15 yellow)  (at 8 1) (at 9 4) (at 10 6) (inside 11 2))
# Task Description:
The green can must not be on plate. Give human a red can. Put the blue bottle on worktable. Put the green can on teapoy. Put the black can on teapoy. Put the red book on the worktable. Pick up the blue bottle. Put the yellow book on sofa.
# Results:
	[Move 1|true]
	[PickUp 8|false]
	[Sense | 12 1 15]
	[AskLoc 8|inside(8,2)]
	[Move 2|true]
	[Open 2|true]
	[TakeOut 8 2|true]
	[PutDown 8|true]
	[PickUp 8|true]
	[Move 6|true]
	[PutDown 8|true]
	[AskLoc 13|inside(13,2)]
	[Move 2|true]
	[TakeOut 13 2|true]
	[Move 1|true]
	[PutDown 13|true]
	[Move 4|true]
	[PickUp 9|true]
	[Move 7|true]
	[PutDown 9|true]
	[Move 6|true]
	[PickUp 10|false]
	[Sense | 6 8 15]
	[AskLoc 10|at(10,7)]
	[Move 7|true]
	[PickUp 10|false]
	[Sense | 9 7 11 15]
	[AskLoc 10|inside(10,3)]
	[Move 3|true]
	[TakeOut 10 3|true]
	[PutDown 10|true]
	[PickUp 10|true]
	[Move 7|true]
	[PutDown 10|true]
	[AskLoc 14|not_known]
	[AskLoc 14|at(14,2)]
	[Move 2|true]
	[PickUp 14|false]
	[Sense | 2 15]
	[AskLoc 14|at(14,5)]
	[Move 5|true]
	[PickUp 14|true]
	[Move 1|true]
	[PutDown 14|true]
	[FromPlate 15|true]
	[Move 5|true]
	[PutDown 15|true]
	[Move 1|true]
	[PickUp 13|true]

# Time: 0.737
# Score: 218

<07.xml>
# Environment Description:
(:domain (hold 11) (plate 18) (at 0 8) (sort 1 human) (size 1 big) (at 1 1) (sort 2 desk) (size 2 big) (at 2 2) (sort 3 television) (size 3 big) (at 3 3) (sort 4 chair) (size 4 big) (at 4 4) (sort 5 bed) (size 5 big) (at 5 5) (sort 6 refrigerator) (size 6 big) (at 6 6) (type 6 container) (sort 7 closet) (size 7 big) (at 7 7) (type 7 container) (closed 7) (sort 8 cupboard) (size 8 big) (at 8 8) (type 8 container) (opened 8) (sort 9 microwave) (size 9 big) (at 9 9) (type 9 container) (sort 10 book) (size 10 small) (color 10 yellow) (inside 10 6) (sort 11 book) (size 11 small) (color 11 green) (at 11 4) (sort 12 book) (size 12 small) (color 12 white) (sort 13 bottle) (size 13 small) (color 13 green) (at 13 2) (sort 14 bottle) (size 14 small) (color 14 blue) (sort 15 cup) (size 15 small) (color 15 black) (sort 16 cup) (size 16 small) (color 16 white) (sort 17 remotecontrol) (size 17 small) (color 17 white) (sort 18 can) (size 18 small) (color 18 white) (at 18 5)  (inside 12 7) (inside 16 9) (at 17 1))
# Task Description:
The refrigerator is not opened. The microwave is not closed. Put the white can in the closet. Put the white cup in closet. Put the white book on the chair. Take out the book which is yellow from refrigerator. Pick up the blue bottle. Put the green bottle on the bed. Put the white remotecontrol on the desk. Put the black cup in the refrigerator.
# Results:
	[PutDown 11|true]
	[FromPlate 18|true]
	[Move 7|true]
	[PutDown 18|true]
	[Open 7|true]
	[PickUp 18|true]
	[PutIn 18 7|true]
	[Move 9|true]
	[TakeOut 16 9|false]
	[Sense | 9]
	[AskLoc 16|at(16,6)]
	[Move 6|true]
	[PickUp 16|false]
	[Open 6|true]
	[Sense | 6 14 10]
	[Close 6|true]
	[Sense | 6]
	[AskLoc 16|not_known]
	[AskLoc 16|at(16,1)]
	[Move 1|true]
	[PickUp 16|true]
	[Move 9|true]
	[PutIn 16 9|true]
	[TakeOut 16 9|true]
	[Move 7|true]
	[PutIn 16 7|true]
	[TakeOut 12 7|false]
	[Sense | 7 18 16]
	[Close 7|true]
	[Sense | 7]
	[AskLoc 12|inside(12,8)]
	[Move 8|true]
	[TakeOut 12 8|true]
	[Move 7|true]
	[PutDown 12|true]
	[Open 7|true]
	[PickUp 12|true]
	[PutIn 12 7|true]
	[TakeOut 12 7|true]
	[Move 4|true]
	[PutDown 12|true]
	[Move 2|true]
	[PickUp 13|true]
	[Move 5|true]
	[PutDown 13|true]
	[Move 1|true]
	[PickUp 17|false]
	[Sense | 1]
	[AskLoc 17|inside(17,8)]
	[Move 8|true]
	[TakeOut 17 8|true]
	[PutDown 17|true]
	[PickUp 17|true]
	[Move 2|true]
	[PutDown 17|true]
	[AskLoc 15|at(15,2)]
	[PickUp 15|true]
	[Move 6|true]
	[PutDown 15|true]
	[Open 6|true]
	[PickUp 15|true]
	[PutIn 15 6|true]
	[TakeOut 10 6|true]
	[PutDown 10|true]
	[TakeOut 14 6|true]
	[PutDown 14|true]
	[PickUp 14|true]

# Time: 1.198
# Score: 238

<08.xml>
# Environment Description:
(:domain (at 0 2) (sort 1 worktable) (size 1 big) (at 1 1) (sort 2 plant) (size 2 big) (at 2 2) (sort 3 chair) (size 3 big) (at 3 3) (sort 4 desk) (size 4 big) (at 4 4) (sort 5 closet) (size 5 big) (at 5 5) (type 5 container) (closed 5) (sort 6 refrigerator) (size 6 big) (at 6 6) (type 6 container) (closed 6) (sort 7 washmachine) (size 7 big) (at 7 7) (type 7 container) (opened 7) (sort 8 book) (size 8 small) (color 8 black) (inside 8 7) (sort 9 cup) (size 9 small) (color 9 yellow) (plate 9) (sort 10 book) (size 10 small) (color 10 red) (inside 10 6) (sort 11 remotecontrol) (size 11 small) (color 11 white) (sort 12 can) (size 12 small) (color 12 black) (sort 13 cup) (size 13 small) (color 13 black) (at 13 5) (sort 14 can) (size 14 small) (sort 15 bottle) (size 15 small) (color 15 black) (inside 15 5) (sort 16 bottle) (size 16 small) (color 16 blue) (at 16 2) (sort 17 book) (size 17 small) (color 17 yellow) (sort 18 bottle) (size 18 small) (color 18 yellow) (at 18 3) (sort 19 can) (size 19 small) (at 19 3) (color 19 blue) (sort 20 cup) (size 20 small) (color 20 blue) (inside 20 7) (sort 21 cup) (size 21 small) (color 21 red) (sort 22 remotecontrol) (size 22 small) (color 22 red) (hold 22)  (inside 11 5) (at 14 7))
# Task Description:
There is the yellow book on the plant. There is the red cup in the closet. Close the door of the washmachine. Put the yellow bottle in the refrigerator. Pick up the white remotecontrol. The yellow cup must be not on the worktable. The door of the closet must not be opened. Put the blue can on the chair. Put the black can on the chair. Put the red cup on the desk.
# Results:
	[PutDown 22|true]
	[Move 3|true]
	[PickUp 18|true]
	[Move 6|true]
	[PutDown 18|true]
	[Open 6|true]
	[PickUp 18|true]
	[PutIn 18 6|true]
	[Move 3|true]
	[PickUp 19|true]
	[PutDown 19|true]
	[AskLoc 12|at(12,3)]
	[PickUp 12|true]
	[PutDown 12|true]
	[AskLoc 21|inside(21,5)]
	[Move 5|true]
	[Move 7|true]
	[Close 7|true]

# Time: 0.318
# Score: 206

<09.xml>
# Environment Description:
(:domain (at 0 7) (sort 1 plant) (size 1 big) (at 1 1) (sort 2 couch) (size 2 big) (at 2 2) (sort 3 microwave) (size 3 big) (at 3 3) (type 3 container) (opened 3) (sort 4 airconditioner) (size 4 big) (at 4 4) (sort 5 bed) (size 5 big) (at 5 5) (sort 6 sofa) (size 6 big) (at 6 6) (sort 7 closet) (size 7 big) (at 7 7) (type 7 container) (opened 7) (sort 8 chair) (size 8 big) (at 8 8) (sort 9 remotecontrol) (size 9 small) (color 9 white) (hold 9) (sort 10 bottle) (size 10 small) (color 10 yellow) (sort 11 book) (size 11 small) (color 11 red) (sort 12 bottle) (size 12 small) (color 12 green) (sort 13 can) (size 13 small) (color 13 white) (sort 14 book) (size 14 small) (color 14 green) (sort 15 can) (size 15 small) (color 15 green) (inside 15 3) (sort 16 book) (size 16 small) (color 16 black) (plate 16) (sort 17 cup) (size 17 small) (color 17 black) (sort 18 remotecontrol) (size 18 small) (color 18 green) (sort 19 can) (size 19 small) (color 19 red) (at 19 5) (sort 20 remotecontrol) (size 20 small) (color 20 black) (at 20 2) (sort 21 cup) (size 21 small) (color 21 yellow) (at 21 4) (sort 22 remotecontrol) (size 22 small) (color 22 red)  (at 10 6) (at 17 8) (at 18 7) (at 22 6))
# Task Description:
Take out the green book from the closet. Put the remotecontrol which is red in the closet. Pick up the bottle which is green. Put the green remotecontrol on the airconditioner. The red book is on the sofa. The remotecontrol which is black must be on the couch. Put the red can on the bed. Put the black book on the sofa.
# Results:
	[PutDown 9|true]
	[Move 6|true]
	[PickUp 22|false]
	[Sense | 6 12 13 11 16]
	[AskLoc 22|at(22,1)]
	[Move 1|true]
	[PickUp 22|true]
	[Move 7|true]
	[PutIn 22 7|true]
	[PickUp 18|false]
	[Sense | 16 7 9 14 22]
	[Close 7|true]
	[Sense | 9 7 16]
	[AskLoc 18|at(18,4)]
	[Move 4|true]
	[PickUp 18|true]
	[PutDown 18|true]
	[Move 5|true]
	[PickUp 19|true]
	[PutDown 19|true]
	[FromPlate 16|true]
	[Move 6|true]
	[PutDown 16|true]
	[Move 7|true]
	[Open 7|true]
	[TakeOut 14 7|true]
	[PutDown 14|true]
	[Move 6|true]
	[PickUp 12|true]

# Time: 0.57
# Score: 277

<10.xml>
# Environment Description:
(:domain (hold 11) (plate 18) (at 0 8) (sort 1 human) (size 1 big) (at 1 1) (sort 2 desk) (size 2 big) (at 2 2) (sort 3 television) (size 3 big) (at 3 3) (sort 4 chair) (size 4 big) (at 4 4) (sort 5 bed) (size 5 big) (at 5 5) (sort 6 refrigerator) (size 6 big) (at 6 6) (type 6 container) (sort 7 closet) (size 7 big) (at 7 7) (type 7 container) (closed 7) (sort 8 cupboard) (size 8 big) (at 8 8) (type 8 container) (opened 8) (sort 9 microwave) (size 9 big) (at 9 9) (type 9 container) (sort 10 book) (size 10 small) (color 10 yellow) (sort 11 book) (size 11 small) (color 11 green) (sort 12 book) (size 12 small) (color 12 white) (sort 13 bottle) (size 13 small) (color 13 green) (at 13 2) (sort 14 bottle) (size 14 small) (color 14 blue) (sort 15 cup) (size 15 small) (color 15 black) (sort 16 cup) (size 16 small) (color 16 white) (sort 17 remotecontrol) (size 17 small) (color 17 white) (inside 17 8) (sort 18 can) (size 18 small) (color 18 white)  (inside 12 7) (inside 16 9))
# Task Description:
The door of refrigerator is closed. The door of microwave is opened. Do not open the refrigerator. Put the yellow book on the bed. Put the blue bottle in the cupboard. Put the green book on the chair. Take out the white remotecontrol from cupboard. Put the black cup in microwave. Put the green bottle in the closet. Give the white remotecontrol to human.
# Results:
	[AskLoc 10|at(10,6)]
	[PutDown 11|true]
	[Move 6|true]
	[PickUp 10|false]
	[Open 6|true]
	[Sense | 18 6 10 14]
	[Close 6|true]
	[Sense | 6 18]
	[Open 6|true]
	[TakeOut 10 6|true]
	[PutDown 10|true]
	[PickUp 10|true]
	[Move 5|true]
	[PutDown 10|true]
	[Move 6|true]
	[TakeOut 14 6|true]
	[Move 8|true]
	[PutIn 14 8|true]
	[PickUp 11|true]
	[Move 4|true]
	[PutDown 11|true]
	[AskLoc 15|at(15,2)]
	[Move 2|true]
	[PickUp 15|true]
	[Move 9|true]
	[PutIn 15 9|true]
	[Move 2|true]
	[PickUp 13|true]
	[Move 7|true]
	[PutDown 13|true]
	[Open 7|true]
	[PickUp 13|true]
	[PutIn 13 7|true]
	[Move 8|true]
	[TakeOut 17 8|true]
	[Move 1|true]
	[PutDown 17|true]

# Time: 0.607
# Score: 272

<11.xml>
# Environment Description:
(:domain (hold 0) (at 0 3) (sort 1 chair) (size 1 big) (at 1 1) (sort 2 plant) (size 2 big) (at 2 2) (sort 3 sofa) (size 3 big) (at 3 3) (sort 4 worktable) (size 4 big) (at 4 4) (sort 5 couch) (size 5 big) (at 5 5) (sort 6 table) (size 6 big) (at 6 6) (sort 7 teapoy) (size 7 big) (at 7 7) (sort 8 airconditioner) (size 8 big) (at 8 8) (sort 9 table) (size 9 big) (at 9 9) (sort 10 television) (size 10 big) (at 10 10) (sort 11 book) (size 11 small) (color 11 yellow) (sort 12 remotecontrol) (size 12 small) (color 12 yellow) (at 12 7) (sort 13 can) (size 13 small) (color 13 green) (plate 13) (sort 14 remotecontrol) (size 14 small) (color 14 black) (sort 15 can) (size 15 small) (color 15 blue) (sort 16 remotecontrol) (size 16 small) (color 16 red) (sort 17 cup) (size 17 small) (color 17 blue) (at 17 10) (sort 18 can) (size 18 small) (color 18 white) (sort 19 book) (size 19 small) (color 19 blue) (at 19 9)  (at 14 9) (at 15 7) (at 16 6) (at 18 6))
# Task Description:
Pick up the remotecontrol which is black. Put the blue can on the worktable. Put the white can on the worktable. Go to the chair. The remotecontrol which is yellow must be on the teapoy. Put the red remotecontrol on the television. Put the blue cup on the airconditioner. Put the blue book on the table.
# Results:
	[Move 7|true]
	[PickUp 15|false]
	[Sense | 11 12 7 13]
	[AskLoc 15|at(15,1)]
	[Move 1|true]
	[PickUp 15|true]
	[Move 4|true]
	[PutDown 15|true]
	[Move 6|true]
	[PickUp 18|false]
	[Sense | 6 13]
	[AskLoc 18|at(18,4)]
	[Move 4|true]
	[PickUp 18|true]
	[PutDown 18|true]
	[AskLoc 16|at(16,2)]
	[Move 2|true]
	[PickUp 16|true]
	[Move 10|true]
	[PutDown 16|true]
	[PickUp 17|true]
	[Move 8|true]
	[PutDown 17|true]
	[Move 9|true]
	[PickUp 19|true]
	[Move 6|true]
	[PutDown 19|true]
	[Move 9|true]
	[PickUp 14|false]
	[Sense | 9 13]
	[AskLoc 14|not_known]
	[AskLoc 14|at(14,3)]
	[Move 3|true]
	[PickUp 14|true]

# Time: 0.612
# Score: 217

<12.xml>
# Environment Description:
(:domain (hold 0) (plate 15) (at 0 5) (sort 1 worktable) (size 1 big) (at 1 1) (sort 2 closet) (size 2 big) (at 2 2) (type 2 container) (closed 2) (sort 3 microwave) (size 3 big) (at 3 3) (type 3 container) (opened 3) (sort 4 plant) (size 4 big) (at 4 4) (sort 5 sofa) (size 5 big) (at 5 5) (sort 6 human) (size 6 big) (at 6 6) (sort 7 teapoy) (size 7 big) (at 7 7) (sort 8 can) (size 8 small) (color 8 red) (sort 9 can) (size 9 small) (color 9 green) (sort 10 can) (size 10 small) (color 10 black) (sort 11 can) (size 11 small) (color 11 white) (sort 12 bottle) (size 12 small) (color 12 red) (sort 13 bottle) (size 13 small) (color 13 blue) (sort 14 book) (size 14 small) (color 14 red) (sort 15 book) (size 15 small) (color 15 yellow)  (at 8 1) (at 9 4) (at 10 6) (inside 11 2))
# Task Description:
Do not put the yellow book down. There must be a green can on plant. The white can must be on the teapoy. Close the microwave. Put the red bottle in microwave. Put the red book on the plant. Put the green can on the worktable. Put the black can in the closet. Take the blue bottle out of the closet.
# Results:
	[AskLoc 12|at(12,1)]
	[Move 1|true]
	[PickUp 12|true]
	[Move 3|true]
	[PutIn 12 3|true]
	[AskLoc 14|at(14,5)]
	[Move 5|true]
	[PickUp 14|true]
	[Move 4|true]
	[PutDown 14|true]
	[PickUp 9|true]
	[Move 1|true]
	[PutDown 9|true]
	[Move 6|true]
	[PickUp 10|false]
	[Sense | 6 15]
	[AskLoc 10|inside(10,3)]
	[Move 3|true]
	[TakeOut 10 3|true]
	[PutDown 10|true]
	[PickUp 10|true]
	[Move 2|true]
	[PutDown 10|true]
	[Open 2|true]
	[PickUp 10|true]
	[PutIn 10 2|true]
	[Move 3|true]
	[Close 3|true]

# Time: 0.433
# Score: 297

<13.xml>
# Environment Description:
(:domain (hold 0) (plate 0) (at 0 1) (sort 1 couch) (size 1 big) (at 1 1) (sort 2 chair) (size 2 big) (at 2 2) (sort 3 closet) (size 3 big) (at 3 3) (type 3 container) (closed 3) (sort 4 cupboard) (size 4 big) (at 4 4) (type 4 container) (opened 4) (sort 5 microwave) (size 5 big) (at 5 5) (type 5 container) (closed 5) (sort 6 book) (size 6 small) (color 6 red) (sort 7 book) (size 7 small) (color 7 blue) (sort 8 book) (size 8 small) (color 8 green) (sort 9 cup) (size 9 small) (color 9 red) (sort 10 bottle) (size 10 small) (color 10 red)  (at 8 1) (inside 10 5))
# Task Description:
Take out the red bottle from closet. Put the green book in microwave. Put the blue book in cupboard. Put the red book on couch. Go to the microwave. Take out the red cup from the microwave. Pick up the red bottle.
# Results:
	[PickUp 8|false]
	[Sense | 1 9 7]
	[AskLoc 8|inside(8,4)]
	[Move 4|true]
	[TakeOut 8 4|true]
	[PutDown 8|true]
	[PickUp 8|true]
	[Move 5|true]
	[PutDown 8|true]
	[Open 5|true]
	[PickUp 8|true]
	[PutIn 8 5|true]
	[Move 1|true]
	[PickUp 7|true]
	[Move 4|true]
	[PutIn 7 4|true]
	[AskLoc 6|at(6,2)]
	[Move 2|true]
	[PickUp 6|true]
	[Move 1|true]
	[PutDown 6|true]
	[AskLoc 10|inside(10,3)]
	[Move 3|true]
	[Open 3|true]
	[TakeOut 10 3|true]
	[PutDown 10|true]
	[AskLoc 9|inside(9,5)]
	[Move 5|true]
	[TakeOut 9 5|true]
	[PutDown 9|true]
	[Move 3|true]
	[PickUp 10|true]

# Time: 0.472
# Score: 249

<14.xml>
# Environment Description:
(:domain (plate 0) (at 0 4) (sort 1 human) (size 1 big) (at 1 1) (sort 2 refrigerator) (size 2 big) (at 2 2) (type 2 container) (opened 2) (sort 3 chair) (size 3 big) (at 3 3) (sort 4 microwave) (size 4 big) (at 4 4) (type 4 container) (sort 5 airconditioner) (size 5 big) (at 5 5) (sort 6 sofa) (size 6 big) (at 6 6) (sort 7 plant) (size 7 big) (at 7 7) (sort 8 television) (size 8 big) (at 8 8) (sort 9 remotecontrol) (size 9 small) (color 9 blue) (sort 10 cup) (size 10 small) (color 10 green) (sort 11 remotecontrol) (size 11 small) (color 11 green) (sort 12 bottle) (color 12 blue) (size 12 small) (sort 13 remotecontrol) (size 13 small) (color 13 black) (at 13 3) (sort 14 book) (size 14 small) (color 14 white) (inside 14 4) (sort 15 book) (size 15 small) (color 15 black) (at 15 7) (sort 16 book) (size 16 small) (color 16 red) (at 16 6) (sort 17 book) (size 17 small) (color 17 blue) (sort 18 cup) (size 18 small) (color 18 yellow) (at 18 8) (sort 19 can) (size 19 small) (color 19 yellow) (sort 20 remotecontrol) (size 20 small) (color 20 white) (sort 21 book) (size 21 small) (color 21 green) (sort 22 remotecontrol) (size 22 small) (color 22 red) (hold 22) (sort 23 book) (size 23 small) (color 23 yellow)  (inside 10 8) (at 11 7) (inside 12 4) (at 23 6))
# Task Description:
The green book is on the television. The microwave is closed. Put the red book in the refrigerator. Put the remotecontrol which is blue in the microwave. Pick up the blue bottle. The blue remotecontrol must not be on the plate. Do not pick up the black book. Take out the yellow can from the refrigerator. Give the white book to human. Put the red remotecontrol on the sofa.
# Results:
	[PutDown 22|true]
	[Move 6|true]
	[PickUp 16|true]
	[Move 2|true]
	[PutIn 16 2|true]
	[AskLoc 9|at(9,7)]
	[Move 7|true]
	[PickUp 9|true]
	[Move 4|true]
	[PutDown 9|true]
	[Open 4|true]
	[PickUp 9|true]
	[PutIn 9 4|true]
	[TakeOut 14 4|true]
	[Move 1|true]
	[PutDown 14|true]
	[Move 4|true]
	[PickUp 22|true]
	[Move 6|true]
	[PutDown 22|true]
	[Move 4|true]
	[TakeOut 12 4|false]
	[Sense | 4 9]
	[Close 4|true]
	[Sense | 4]
	[AskLoc 12|inside(12,9)]
	[AskLoc 12|inside(12,2)]
	[Move 2|true]
	[TakeOut 12 2|true]
	[Move 4|true]
	[PutDown 12|true]
	[Open 4|true]
	[PickUp 12|true]
	[PutIn 12 4|true]
	[TakeOut 12 4|true]
	[PutDown 12|true]
	[PickUp 12|true]
	[PutDown 12|true]
	[AskLoc 19|at(19,9)]
	[Move 9|false]

# Time: 0.731
# Score: 184

<15.xml>
# Environment Description:
(:domain (at 0 4) (sort 1 refrigerator) (size 1 big) (at 1 1) (type 1 container) (opened 1) (sort 2 closet) (size 2 big) (at 2 2) (type 2 container) (sort 3 cupboard) (size 3 big) (at 3 3) (type 3 container) (closed 3) (sort 4 human) (size 4 big) (at 4 4) (sort 5 sofa) (size 5 big) (at 5 5) (sort 6 microwave) (size 6 big) (at 6 6) (type 6 container) (opened 6) (sort 7 couch) (size 7 big) (at 7 7) (sort 8 plant) (size 8 big) (at 8 8) (sort 9 remotecontrol) (size 9 small) (color 9 green) (at 9 5) (sort 10 can) (size 10 small) (color 10 yellow) (sort 11 bottle) (size 11 small) (color 11 white) (sort 12 book) (size 12 small) (color 12 red) (hold 12) (sort 13 book) (size 13 small) (color 13 green) (at 13 8) (sort 14 can) (size 14 small) (color 14 green) (at 14 3) (sort 15 can) (size 15 small) (color 15 black) (sort 16 cup) (size 16 small) (color 16 black) (at 16 7) (sort 17 can) (size 17 small) (plate 17) (sort 18 can) (size 18 small) (color 18 blue) (sort 19 cup) (size 19 small) (color 19 green) (sort 20 book) (size 20 small) (color 20 yellow) (at 20 8) (sort 21 can) (size 21 small) (color 21 red) (sort 22 book) (size 22 small) (color 22 white) (sort 23 cup) (size 23 small) (color 23 blue) (at 23 4) (sort 24 book) (size 24 small) (color 24 blue) (at 24 7)  (inside 10 7) (at 18 1) (at 19 8) (inside 21 2) (inside 22 7))
# Task Description:
There is a white bottle in the refrigerator. The door of the closet is closed. Open the door of the cupboard. Put the yellow can in the refrigerator. The green can must be in the cupboard. Do not go to the couch. Go to the sofa. Put the black cup in the cupboard. Give the blue book to human.
# Results:
	[AskLoc 10|inside(10,2)]
	[PutDown 12|true]
	[Move 2|true]
	[Open 2|true]
	[TakeOut 10 2|true]
	[Move 1|true]
	[PutIn 10 1|true]
	[Move 7|true]
	[PickUp 16|true]
	[Move 3|true]
	[PutDown 16|true]
	[Open 3|true]
	[PickUp 16|true]
	[PutIn 16 3|true]
	[Move 7|true]
	[PickUp 24|true]
	[Move 4|true]
	[PutDown 24|true]
	[Move 5|true]

# Time: 0.395
# Score: 260

<16.xml>
# Environment Description:
(:domain (at 0 2) (sort 1 microwave) (size 1 big) (at 1 1) (type 1 container) (opened 1) (sort 2 refrigerator) (size 2 big) (at 2 2) (type 2 container) (closed 2) (sort 3 desk) (size 3 big) (at 3 3) (sort 4 worktable) (size 4 big) (at 4 4) (sort 5 teapoy) (size 5 big) (at 5 5) (sort 6 airconditioner) (size 6 big) (at 6 6) (sort 7 human) (size 7 big) (at 7 7) (sort 8 bed) (size 8 big) (at 8 8) (sort 9 closet) (size 9 big) (at 9 9) (type 9 container) (opened 9) (sort 10 remotecontrol) (size 10 small) (color 10 blue) (at 10 3) (sort 11 bottle) (size 11 small) (color 11 white) (sort 12 bottle) (size 12 small) (color 12 black) (sort 13 cup) (size 13 small) (color 13 red) (sort 14 cup) (size 14 small) (color 14 yellow) (inside 14 9) (sort 15 bottle) (size 15 small) (color 15 yellow) (sort 16 book) (size 16 small) (color 16 yellow) (inside 16 9) (sort 17 remotecontrol) (size 17 small) (color 17 green) (at 17 5) (sort 18 can) (size 18 small) (color 18 red) (at 18 6) (sort 19 remotecontrol) (size 19 small) (color 19 white) (at 19 8) (sort 20 book) (size 20 small) (color 20 blue) (plate 20) (sort 21 remotecontrol) (size 21 small) (color 21 red) (at 21 5) (sort 22 bottle) (size 22 small) (color 22 green) (sort 23 can) (size 23 small) (color 23 green) (sort 24 can) (size 24 small) (color 24 yellow) (inside 24 2) (sort 25 cup) (size 25 small) (color 25 black) (inside 11 1) (at 23 5) (at 25 5) (inside 12 1) (at 13 3) (inside 15 2) (at 17 1))
# Task Description:
Go to microwave. Put a book which is yellow on the desk. Put the bottle which is yellow in the closet. Pick up a red cup. Give me the blue book. There must not be a red cup on the plate. Do not go to the airconditioner. Put the black cup on the desk.
# Results:
	[Move 9|true]
	[TakeOut 16 9|false]
	[Sense | 9 20 14 16]
	[Close 9|false]
	[Sense | 9 20 14 16]
	[AskLoc 16|inside(16,9)]
	[Open 9|false]
	[Move 2|true]
	[Open 2|false]
	[TakeOut 15 2|false]
	[Sense | 2 20]
	[AskLoc 15|inside(15,2)]
	[TakeOut 15 2|false]
	[FromPlate 20|false]
	[Move 5|true]
	[PickUp 25|false]
	[Sense | 25 23 21 5 20]
	[PickUp 25|false]
	[Move 3|true]
	[PickUp 13|false]
	[Sense | 3 10 13 20]
	[PickUp 13|false]
	[Move 1|true]

# Time: 0.434
# Score: 119

<17.xml>
# Environment Description:
(:domain (hold 0) (plate 20) (at 0 10) (sort 1 human) (size 1 big) (at 1 1) (sort 2 bed) (size 2 big) (at 2 2) (sort 3 desk) (size 3 big) (at 3 3) (sort 4 chair) (size 4 big) (at 4 4) (sort 5 refrigerator) (size 5 big) (at 5 5) (type 5 container) (sort 6 closet) (size 6 big) (at 6 6) (type 6 container) (closed 6) (sort 7 television) (size 7 big) (at 7 7) (sort 8 microwave) (size 8 big) (at 8 8) (type 8 container) (sort 9 teapoy) (size 9 big) (at 9 9) (sort 10 couch) (size 10 big) (at 10 10) (sort 11 sofa) (size 11 big) (at 11 11) (sort 12 cupboard) (size 12 big) (at 12 12) (type 12 container) (opened 12) (sort 13 airconditioner) (size 13 big) (at 13 13) (sort 14 washmachine) (size 14 big) (at 14 14) (type 14 container) (sort 15 book) (size 15 small) (color 15 yellow) (sort 16 book) (size 16 small) (color 16 green) (sort 17 book) (size 17 small) (color 17 white) (sort 18 bottle) (size 18 small) (color 18 green) (at 18 8) (sort 19 bottle) (size 19 small) (color 19 blue) (sort 20 bottle) (size 20 small) (color 20 yellow) (sort 21 cup) (size 21 small) (color 21 white) (sort 22 remotecontrol) (size 22 small) (inside 22 6) (sort 23 can) (size 23 small) (color 23 red) (at 23 4) (sort 24 can) (size 24 small) (inside 24 14)  (at 17 7) (inside 21 6))
# Task Description:
The door of the refrigerator is closed. The microwave is opened. The washmachine is opened. Put the white cup in the refrigerator. Do not go to the bed. Go to couch. Take the yellow bottle out of the closet. Put the white book on the airconditioner. Pick the yellow book up.
# Results:
	[Move 6|true]
	[Open 6|true]
	[TakeOut 21 6|false]
	[Sense | 20 6 22]
	[Close 6|true]
	[Sense | 6 20]
	[AskLoc 21|at(21,5)]
	[Move 5|true]
	[PickUp 21|true]
	[Move 6|true]
	[PutDown 21|true]
	[Open 6|true]
	[PickUp 21|true]
	[PutIn 21 6|true]
	[TakeOut 21 6|true]
	[Move 5|true]
	[PutDown 21|true]
	[Open 5|true]
	[PickUp 21|true]
	[PutIn 21 5|true]
	[Move 7|true]
	[PickUp 17|false]
	[Sense | 7 20]
	[AskLoc 17|inside(17,8)]
	[Move 8|true]
	[TakeOut 17 8|true]
	[PutDown 17|true]
	[PickUp 17|true]
	[Move 13|true]
	[PutDown 17|true]
	[AskLoc 15|inside(15,14)]
	[Move 14|true]
	[TakeOut 15 14|true]
	[PutDown 15|true]
	[PickUp 15|true]
	[Move 10|true]

# Time: 0.647
# Score: 179

<18.xml>
# Environment Description:
(:domain (hold 0) (plate 20) (at 0 10) (sort 1 human) (size 1 big) (at 1 1) (sort 2 bed) (size 2 big) (at 2 2) (sort 3 desk) (size 3 big) (at 3 3) (sort 4 chair) (size 4 big) (at 4 4) (sort 5 refrigerator) (size 5 big) (at 5 5) (type 5 container) (sort 6 closet) (size 6 big) (at 6 6) (type 6 container) (closed 6) (sort 7 television) (size 7 big) (at 7 7) (sort 8 microwave) (size 8 big) (at 8 8) (type 8 container) (sort 9 teapoy) (size 9 big) (at 9 9) (sort 10 couch) (size 10 big) (at 10 10) (sort 11 sofa) (size 11 big) (at 11 11) (sort 12 cupboard) (size 12 big) (at 12 12) (type 12 container) (opened 12) (sort 13 airconditioner) (size 13 big) (at 13 13) (sort 14 washmachine) (size 14 big) (at 14 14) (type 14 container) (sort 15 book) (size 15 small) (color 15 yellow) (sort 16 book) (size 16 small) (color 16 green) (sort 17 book) (size 17 small) (color 17 white) (sort 18 bottle) (size 18 small) (color 18 green) (at 18 8) (sort 19 bottle) (size 19 small) (color 19 blue) (sort 20 bottle) (size 20 small) (color 20 yellow) (sort 21 cup) (size 21 small) (color 21 white) (sort 22 remotecontrol) (size 22 small) (inside 22 6) (sort 23 can) (size 23 small) (color 23 red) (at 23 4) (sort 24 can) (size 24 small) (color 24 green)  (at 17 7) (inside 21 6) (inside 24 14))
# Task Description:
The door of the refrigerator is closed. The microwave is opened. The washmachine is opened. Put the can which is green on the television. Put the white book on the sofa. Do not go to the bed. Do not go to the washmachine. Give the yellow book to human. Put the green bottle in the refrigerator. Put the red can in the microwave.
# Results:
	[Move 14|true]
	[TakeOut 24 14|false]
	[Sense | 14 20 15]
	[Close 14|true]
	[Sense | 20 14]
	[AskLoc 24|at(24,4)]
	[Move 4|true]
	[PickUp 24|true]
	[Move 14|true]
	[PutDown 24|true]
	[Open 14|true]
	[PickUp 24|true]
	[PutIn 24 14|true]
	[TakeOut 24 14|true]
	[Move 7|true]
	[PutDown 24|true]
	[PickUp 17|false]
	[Sense | 20 24 7]
	[AskLoc 17|at(17,3)]
	[Move 3|true]
	[PickUp 17|true]
	[Move 11|true]
	[PutDown 17|true]
	[Move 14|true]
	[TakeOut 15 14|true]
	[Move 1|true]
	[PutDown 15|true]
	[Move 8|true]
	[PickUp 18|true]
	[Move 5|true]
	[PutDown 18|true]
	[Open 5|true]
	[PickUp 18|true]
	[PutIn 18 5|true]
	[Move 4|true]
	[PickUp 23|true]
	[Move 8|true]
	[PutIn 23 8|true]

# Time: 0.713
# Score: 207

<19.xml>
# Environment Description:
(:domain (hold 20) (plate 0) (at 0 10) (sort 1 human) (size 1 big) (at 1 1) (sort 2 bed) (size 2 big) (at 2 2) (sort 3 desk) (size 3 big) (at 3 3) (sort 4 chair) (size 4 big) (at 4 4) (sort 5 refrigerator) (size 5 big) (at 5 5) (type 5 container) (sort 6 closet) (size 6 big) (at 6 6) (type 6 container) (closed 6) (sort 7 television) (size 7 big) (at 7 7) (sort 8 microwave) (size 8 big) (at 8 8) (type 8 container) (sort 9 teapoy) (size 9 big) (at 9 9) (sort 10 couch) (size 10 big) (at 10 10) (sort 11 sofa) (size 11 big) (at 11 11) (sort 12 cupboard) (size 12 big) (at 12 12) (type 12 container) (opened 12) (sort 13 airconditioner) (size 13 big) (at 13 13) (sort 14 washmachine) (size 14 big) (at 14 14) (type 14 container) (sort 15 book) (size 15 small) (color 15 yellow) (sort 16 book) (size 16 small) (color 16 green) (sort 17 book) (size 17 small) (color 17 white) (sort 18 bottle) (size 18 small) (color 18 green) (at 18 8) (sort 19 bottle) (size 19 small) (color 19 blue) (sort 20 bottle) (size 20 small) (color 20 yellow) (sort 21 cup) (size 21 small) (color 21 white) (sort 22 remotecontrol) (size 22 small) (inside 22 6) (sort 23 can) (size 23 small) (color 23 red) (at 23 4) (sort 24 can) (size 24 small) (inside 24 14)  (at 17 7) (inside 21 6) (inside 19 5))
# Task Description:
The door of the refrigerator is closed. The microwave is opened. The washmachine is opened. Put the red can on the airconditioner. Do not go to the microwave. The yellow bottle must be not on the plate. Pick the white book up. Put the green book on the desk.
# Results:
	[PutDown 20|true]
	[Move 4|true]
	[PickUp 23|true]
	[Move 13|true]
	[PutDown 23|true]
	[AskLoc 16|inside(16,2)]
	[AskLoc 16|not_known]
	[AskLoc 16|at(16,2)]
	[Move 2|true]
	[PickUp 16|true]
	[Move 3|true]
	[PutDown 16|true]
	[Move 7|true]
	[PickUp 17|false]
	[Sense | 7]
	[AskLoc 17|at(17,14)]
	[Move 14|true]
	[PickUp 17|false]
	[Sense | 14 24 15]
	[Close 14|true]
	[Sense | 14]
	[AskLoc 17|inside(17,8)]
	[Move 8|true]
	[TakeOut 17 8|true]
	[PutDown 17|true]
	[PickUp 17|true]

# Time: 0.52
# Score: 165

<20.xml>
# Environment Description:
(:domain (hold 0) (plate 20) (at 0 10) (sort 1 human) (size 1 big) (at 1 1) (sort 2 bed) (size 2 big) (at 2 2) (sort 3 desk) (size 3 big) (at 3 3) (sort 4 chair) (size 4 big) (at 4 4) (sort 5 refrigerator) (size 5 big) (at 5 5) (type 5 container) (sort 6 closet) (size 6 big) (at 6 6) (type 6 container) (closed 6) (sort 7 television) (size 7 big) (at 7 7) (sort 8 microwave) (size 8 big) (at 8 8) (type 8 container) (sort 9 teapoy) (size 9 big) (at 9 9) (sort 10 couch) (size 10 big) (at 10 10) (sort 11 sofa) (size 11 big) (at 11 11) (sort 12 cupboard) (size 12 big) (at 12 12) (type 12 container) (opened 12) (sort 13 airconditioner) (size 13 big) (at 13 13) (sort 14 washmachine) (size 14 big) (at 14 14) (type 14 container) (sort 15 book) (size 15 small) (color 15 yellow) (sort 16 book) (size 16 small) (color 16 green) (sort 17 book) (size 17 small) (color 17 white) (at 17 7) (sort 18 bottle) (size 18 small) (color 18 green) (sort 19 bottle) (size 19 small) (color 19 blue) (sort 20 bottle) (size 20 small) (color 20 yellow) (sort 21 cup) (size 21 small) (color 21 white) (sort 22 remotecontrol) (size 22 small) (color 22 white) (inside 22 6) (sort 23 can) (size 23 small) (color 23 red) (at 23 4) (sort 24 can) (size 24 small) (color 24 white) (inside 24 14)  (at 18 8) (inside 21 6))
# Task Description:
The door of the refrigerator is closed. The microwave is opened. The washmachine is opened. Put the bottle which is green in the closet. Put the green book on the sofa. Put the blue bottle in the closet. Put the white remotecontrol on the desk. Put the white can on the desk.
# Results:
	[Move 8|true]
	[PickUp 18|false]
	[Sense | 8 20 21]
	[Close 8|true]
	[Sense | 20 8]
	[AskLoc 18|at(18,2)]
	[Move 2|true]
	[PickUp 18|true]
	[Move 6|true]
	[PutDown 18|true]
	[Open 6|true]
	[PickUp 18|true]
	[PutIn 18 6|true]
	[AskLoc 16|at(16,2)]
	[Move 2|true]
	[PickUp 16|true]
	[Move 11|true]
	[PutDown 16|true]
	[AskLoc 19|inside(19,5)]
	[Move 5|true]
	[Open 5|true]
	[TakeOut 19 5|true]
	[Move 6|true]
	[PutIn 19 6|true]
	[TakeOut 22 6|true]
	[Move 3|true]
	[PutDown 22|true]
	[Move 14|true]
	[TakeOut 24 14|true]
	[Move 3|true]
	[PutDown 24|true]

# Time: 0.568
# Score: 168

<21.xml>
# Environment Description:
(:domain (hold 0) (plate 0) (at 0 4) (sort 1 couch) (size 1 big) (at 1 1) (sort 2 bed) (size 2 big) (at 2 2) (sort 3 table) (size 3 big) (at 3 3) (sort 4 desk) (size 4 big) (at 4 4) (sort 5 washmachine) (size 5 big) (at 5 5) (type 5 container) (closed 5) (sort 6 refrigerator) (size 6 big) (at 6 6) (type 6 container) (closed 6) (sort 8 book) (size 8 small) (color 8 red) (sort 9 book) (size 9 small) (color 9 blue) (inside 9 6) (sort 10 book) (size 10 small) (color 10 green) (sort 11 cup) (size 11 small) (color 11 red) (sort 12 cup) (size 12 small) (color 12 blue) (sort 13 cup) (size 13 small) (color 13 green) (at 13 3) (sort 14 can) (size 14 small) (color 14 white) (sort 15 can) (size 15 small) (color 15 black) (at 15 1) (sort 16 can) (size 16 small) (color 16 red) (at 16 3)  (at 12 2) (at 14 1) (inside 10 6))
# Task Description:
Do not pick up the red book. There must be a black can on the couch. There must be a blue book in the refrigerator. Put the blue cup on table. Put the green cup in refrigerator. Open refrigerator. Put the white can in refrigerator. Put the red cup on the table. Put the red can in the refrigerator.
# Results:
	[Move 2|true]
	[PickUp 12|false]
	[Sense | 10 14 2]
	[AskLoc 12|not_known]
	[AskLoc 12|inside(12,6)]
	[Move 6|true]
	[Open 6|true]
	[TakeOut 12 6|true]
	[PutDown 12|true]
	[PickUp 12|true]
	[Move 3|true]
	[PutDown 12|true]
	[PickUp 13|true]
	[Move 6|true]
	[PutIn 13 6|true]
	[Move 2|true]
	[PickUp 14|true]
	[Move 6|true]
	[PutIn 14 6|true]
	[AskLoc 11|inside(11,7)]
	[AskLoc 11|at(11,4)]
	[Move 4|true]
	[PickUp 11|true]
	[Move 3|true]
	[PutDown 11|true]
	[PickUp 16|true]
	[Move 6|true]
	[PutIn 16 6|true]

# Time: 0.453
# Score: 317

<22.xml>
# Environment Description:
(:domain (hold 0) (plate 20) (at 0 10) (sort 1 human) (size 1 big) (at 1 1) (sort 2 bed) (size 2 big) (at 2 2) (sort 3 desk) (size 3 big) (at 3 3) (sort 4 chair) (size 4 big) (at 4 4) (sort 5 refrigerator) (size 5 big) (at 5 5) (type 5 container) (sort 6 closet) (size 6 big) (at 6 6) (type 6 container) (closed 6) (sort 7 television) (size 7 big) (at 7 7) (sort 8 microwave) (size 8 big) (at 8 8) (type 8 container) (sort 9 teapoy) (size 9 big) (at 9 9) (sort 10 couch) (size 10 big) (at 10 10) (sort 11 sofa) (size 11 big) (at 11 11) (sort 12 cupboard) (size 12 big) (at 12 12) (type 12 container) (opened 12) (sort 13 airconditioner) (size 13 big) (at 13 13) (sort 14 washmachine) (size 14 big) (at 14 14) (type 14 container) (sort 15 book) (size 15 small) (color 15 yellow) (sort 16 book) (size 16 small) (color 16 green) (sort 17 book) (size 17 small) (color 17 white) (sort 18 bottle) (size 18 small) (color 18 green) (at 18 8) (sort 19 bottle) (size 19 small) (color 19 blue) (sort 20 bottle) (size 20 small) (color 20 yellow) (sort 21 cup) (size 21 small) (color 21 white) (sort 22 remotecontrol) (size 22 small) (color 22 white) (inside 22 6) (sort 23 can) (size 23 small) (color 23 red) (at 23 4) (sort 24 can) (size 24 small) (color 24 black) (inside 24 14) (sort 25 cup) (size 25 small) (color 25 black) (at 25 7)  (at 17 7) (inside 21 6))
# Task Description:
The refrigerator is closed. The microwave is opened. The washmachine is opened. Put the red can in the cupboard. Put the blue bottle on the airconditioner. Put the white remotecontrol on the television. There must be a blue bottle in refrigerator. Put the white cup on the desk. Put the black cup on the bed. Give human the white book.
# Results:
	[Move 4|true]
	[PickUp 23|true]
	[Move 12|true]
	[PutIn 23 12|true]
	[AskLoc 19|inside(19,5)]
	[Move 5|true]
	[Open 5|true]
	[TakeOut 19 5|true]
	[Move 13|true]
	[PutDown 19|true]
	[Move 6|true]
	[Open 6|true]
	[TakeOut 22 6|true]
	[Move 7|true]
	[PutDown 22|true]
	[Move 6|true]
	[TakeOut 21 6|false]
	[Sense | 6 20]
	[AskLoc 21|inside(21,8)]
	[Move 8|true]
	[TakeOut 21 8|true]
	[Move 6|true]
	[PutIn 21 6|true]
	[TakeOut 21 6|true]
	[Move 3|true]
	[PutDown 21|true]
	[Move 7|true]
	[PickUp 25|true]
	[Move 2|true]
	[PutDown 25|true]
	[Move 7|true]
	[PickUp 17|false]
	[Sense | 7 22 20]
	[AskLoc 17|inside(17,8)]
	[Move 8|true]
	[TakeOut 17 8|true]
	[PutDown 17|true]
	[PickUp 17|true]
	[Move 1|true]
	[PutDown 17|true]

# Time: 0.724
# Score: 216

<23.xml>
# Environment Description:
(:domain (hold 10) (plate 18) (at 0 8) (sort 1 human) (size 1 big) (at 1 1) (sort 2 desk) (size 2 big) (at 2 2) (sort 3 television) (size 3 big) (at 3 3) (sort 4 chair) (size 4 big) (at 4 4) (sort 5 bed) (size 5 big) (at 5 5) (sort 6 refrigerator) (size 6 big) (at 6 6) (type 6 container) (sort 7 closet) (size 7 big) (at 7 7) (type 7 container) (closed 7) (sort 8 cupboard) (size 8 big) (at 8 8) (type 8 container) (opened 8) (sort 9 microwave) (size 9 big) (at 9 9) (type 9 container) (sort 10 book) (size 10 small) (color 10 yellow) (sort 11 book) (size 11 small) (color 11 green) (sort 12 book) (size 12 small) (color 12 white) (sort 13 bottle) (size 13 small) (color 13 green) (sort 14 bottle) (size 14 small) (color 14 blue) (inside 14 7) (sort 15 cup) (size 15 small) (color 15 black) (sort 16 cup) (size 16 small) (color 16 white) (sort 17 remotecontrol) (size 17 small) (color 17 white) (sort 18 can) (size 18 small) (color 18 white)  (inside 12 9) (inside 13 6) (inside 16 9) (at 17 4))
# Task Description:
The door of refrigerator is closed. The door of microwave is opened. There must not be a yellow book in closet. Put the white book in closet. Go to the human. Put the blue bottle on the chair. Pick up the white can. Put the green book on the television. Put the black cup in the cupboard.
# Results:
	[PutDown 10|true]
	[Move 9|true]
	[TakeOut 12 9|false]
	[Sense | 9 18]
	[AskLoc 12|at(12,2)]
	[Move 2|true]
	[PickUp 12|false]
	[Sense | 16 2 18]
	[AskLoc 12|at(12,7)]
	[Move 7|true]
	[PickUp 12|false]
	[Open 7|true]
	[TakeOut 14 7|true]
	[Move 4|true]
	[PutDown 14|true]
	[AskLoc 11|inside(11,6)]
	[Move 6|true]
	[Open 6|true]
	[TakeOut 11 6|true]
	[Move 3|true]
	[PutDown 11|true]
	[AskLoc 15|at(15,7)]
	[Move 7|true]
	[PickUp 15|false]
	[Sense | 7 18 12]
	[Close 7|true]
	[Sense | 18 7]
	[AskLoc 15|at(15,5)]
	[Move 5|true]
	[PickUp 15|true]
	[Move 8|true]
	[PutIn 15 8|true]
	[PickUp 18|false]
	[Sense | 18 10 8 17 15]
	[Close 8|true]
	[Sense | 8 10 18]
	[PickUp 18|false]
	[Move 1|true]

# Time: 0.729
# Score: 194

<24.xml>
# Environment Description:
(:domain (hold 0) (plate 15) (at 0 5) (sort 1 worktable) (size 1 big) (at 1 1) (sort 2 closet) (size 2 big) (at 2 2) (type 2 container) (closed 2) (sort 3 microwave) (size 3 big) (at 3 3) (type 3 container) (opened 3) (sort 4 plant) (size 4 big) (at 4 4) (sort 5 sofa) (size 5 big) (at 5 5) (sort 6 human) (size 6 big) (at 6 6) (sort 7 teapoy) (size 7 big) (at 7 7) (sort 8 can) (size 8 small) (color 8 red) (sort 9 can) (size 9 small) (color 9 green) (sort 10 can) (size 10 small) (color 10 black) (sort 11 can) (size 11 small) (color 11 white) (sort 12 bottle) (size 12 small) (color 12 red) (sort 13 bottle) (size 13 small) (color 13 blue) (sort 14 book) (size 14 small) (color 14 red) (sort 15 book) (size 15 small) (color 15 yellow)  (at 8 1) (at 9 4) (at 10 6) (inside 11 2))
# Task Description:
The green can must not be on plate. There must not be a black can on plate. There must not be a white can on plate. Give human the red can. Put the blue bottle on worktable. Go to teapoy. Put the green can on teapoy. Put the red can on the teapoy. Put the yellow book on the worktable. Put the red book on the sofa.
# Results:
	[Move 1|true]
	[PickUp 8|false]
	[Sense | 12 1 15]
	[AskLoc 8|at(8,5)]
	[Move 5|true]
	[PickUp 8|false]
	[Sense | 5 14 15]
	[AskLoc 8|inside(8,12)]
	[Move 4294967295|false]
	[AskLoc 13|inside(13,2)]
	[Move 2|true]
	[Open 2|true]
	[TakeOut 13 2|true]
	[Move 1|true]
	[PutDown 13|true]
	[Move 4|true]
	[PickUp 9|true]
	[Move 7|true]
	[PutDown 9|true]
	[AskLoc 8|inside(8,2)]
	[Move 2|true]
	[TakeOut 8 2|true]
	[Move 7|true]
	[PutDown 8|true]
	[FromPlate 15|true]
	[Move 1|true]
	[PutDown 15|true]
	[Move 5|true]
	[PickUp 14|true]
	[PutDown 14|true]

# Time: 0.452
# Score: 270

<25.xml>
# Environment Description:
(:domain (hold 0) (plate 15) (at 0 5) (sort 1 worktable) (size 1 big) (at 1 1) (sort 2 closet) (size 2 big) (at 2 2) (type 2 container) (closed 2) (sort 3 microwave) (size 3 big) (at 3 3) (type 3 container) (opened 3) (sort 4 plant) (size 4 big) (at 4 4) (sort 5 sofa) (size 5 big) (at 5 5) (sort 6 human) (size 6 big) (at 6 6) (sort 7 teapoy) (size 7 big) (at 7 7) (sort 8 can) (size 8 small) (color 8 red) (inside 8 2) (sort 9 can) (size 9 small) (color 9 green) (at 9 4) (sort 10 can) (size 10 small) (color 10 black) (inside 10 3) (sort 11 can) (size 11 small) (color 11 white) (at 11 7) (sort 12 bottle) (size 12 small) (color 12 red) (sort 13 bottle) (size 13 small) (color 13 blue) (sort 14 book) (size 14 small) (color 14 red) (sort 15 book) (size 15 small) (color 15 yellow) (at 15 7)  )
# Task Description:
The green can must not be on plate. There must not be a black can on plate. There must not be a white can on plate. Give human a can. Put the black can on worktable. Go to teapoy. Take out the red bottle from microwave. Pick the white can up.
# Results:
	[Move 2|true]
	[Open 2|true]
	[TakeOut 8 2|true]
	[Move 6|true]
	[PutDown 8|true]
	[Move 3|true]
	[TakeOut 10 3|true]
	[Move 1|true]
	[PutDown 10|true]
	[AskLoc 12|inside(12,6)]
	[AskLoc 12|at(12,1)]
	[PickUp 12|true]
	[Move 3|true]
	[PutIn 12 3|true]
	[TakeOut 12 3|true]
	[PutDown 12|true]
	[Move 7|true]
	[PickUp 11|true]

# Time: 0.288
# Score: 266

<26.xml>
# Environment Description:
(:domain (hold 10) (plate 18) (at 0 8) (sort 1 human) (size 1 big) (at 1 1) (sort 2 desk) (size 2 big) (at 2 2) (sort 3 television) (size 3 big) (at 3 3) (sort 4 chair) (size 4 big) (at 4 4) (sort 5 bed) (size 5 big) (at 5 5) (sort 6 refrigerator) (size 6 big) (at 6 6) (type 6 container) (sort 7 closet) (size 7 big) (at 7 7) (type 7 container) (closed 7) (sort 8 cupboard) (size 8 big) (at 8 8) (type 8 container) (opened 8) (sort 9 microwave) (size 9 big) (at 9 9) (type 9 container) (sort 10 book) (size 10 small) (color 10 yellow) (sort 11 book) (size 11 small) (color 11 green) (sort 12 book) (size 12 small) (color 12 white) (sort 13 bottle) (size 13 small) (color 13 green) (inside 13 6) (sort 14 bottle) (size 14 small) (color 14 blue) (sort 15 cup) (size 15 small) (color 15 black) (sort 16 cup) (size 16 small) (color 16 white) (sort 17 remotecontrol) (size 17 small) (color 17 white) (sort 18 can) (size 18 small) (color 18 white)  (inside 12 9) (inside 16 9) (at 17 4))
# Task Description:
The door of refrigerator is closed. The door of microwave is opened. Do no go to the bed. Put the white cup on television. Put the blue bottle on cupboard. Put the yellow book on the chair. Put the white book in the closet. Pick up the white can. Go to the desk. Put the green book on the microwave.
# Results:
	[PutDown 10|true]
	[Move 9|true]
	[TakeOut 16 9|false]
	[Sense | 9 18]
	[AskLoc 16|at(16,2)]
	[Move 2|true]
	[PickUp 16|true]
	[Move 9|true]
	[PutIn 16 9|true]
	[TakeOut 16 9|true]
	[Move 3|true]
	[PutDown 16|true]
	[AskLoc 14|at(14,2)]
	[Move 2|true]
	[PickUp 14|true]
	[Move 8|true]
	[PutDown 14|true]
	[PickUp 10|true]
	[Move 4|true]
	[PutDown 10|true]
	[AskLoc 12|inside(12,7)]
	[Move 7|true]
	[Open 7|true]
	[TakeOut 12 7|true]
	[PutIn 12 7|true]
	[AskLoc 11|at(11,6)]
	[Move 6|true]
	[PickUp 11|false]
	[Open 6|true]
	[Sense | 18 6 11 13]
	[Close 6|true]
	[Sense | 6 18]
	[Open 6|true]
	[TakeOut 11 6|true]
	[PutDown 11|true]
	[PickUp 11|true]
	[Move 9|true]
	[PutDown 11|true]
	[PickUp 18|false]

# Time: 0.643
# Score: 211

<27.xml>
# Environment Description:
(:domain (hold 0) (plate 18) (at 0 8) (sort 1 human) (size 1 big) (at 1 1) (sort 2 desk) (size 2 big) (at 2 2) (sort 3 television) (size 3 big) (at 3 3) (sort 4 chair) (size 4 big) (at 4 4) (sort 5 bed) (size 5 big) (at 5 5) (sort 6 refrigerator) (size 6 big) (at 6 6) (type 6 container) (sort 7 closet) (size 7 big) (at 7 7) (type 7 container) (closed 7) (sort 8 cupboard) (size 8 big) (at 8 8) (type 8 container) (opened 8) (sort 9 microwave) (size 9 big) (at 9 9) (type 9 container) (sort 10 book) (size 10 small) (color 10 yellow) (at 10 2) (sort 11 book) (size 11 small) (color 11 green) (sort 12 book) (size 12 small) (color 12 white) (sort 13 bottle) (size 13 small) (color 13 green) (sort 14 bottle) (size 14 small) (color 14 blue) (sort 15 cup) (size 15 small) (color 15 black) (sort 16 cup) (size 16 small) (color 16 white) (sort 17 remotecontrol) (size 17 small) (color 17 white) (sort 18 can) (size 18 small) (color 18 white)  (inside 12 9) (at 13 4) (inside 16 9) (at 17 4))
# Task Description:
The door of refrigerator is closed. The door of microwave is opened. The refrigerator must not be opened. Do not go to the desk. Put the white cup on television. Put the green bottle on cupboard. Put the green book on the chair. Put the white book on the cupboard. Put the white can in the refrigerator. Give the white remotecontrol to human.
# Results:
	[Move 9|true]
	[TakeOut 16 9|false]
	[Sense | 9 18]
	[AskLoc 16|at(16,1)]
	[Move 1|true]
	[PickUp 16|true]
	[Move 9|true]
	[PutIn 16 9|true]
	[TakeOut 16 9|true]
	[Move 3|true]
	[PutDown 16|true]
	[Move 4|true]
	[PickUp 13|false]
	[Sense | 4 18]
	[AskLoc 13|at(13,4)]
	[Move 4|false]
	[AskLoc 11|inside(11,6)]
	[Move 6|true]
	[Open 6|true]
	[TakeOut 11 6|true]
	[Move 4|true]
	[PutDown 11|true]
	[AskLoc 12|inside(12,7)]
	[Move 7|true]
	[Open 7|true]
	[TakeOut 12 7|true]
	[Move 8|true]
	[PutDown 12|true]
	[FromPlate 18|true]
	[Move 6|true]
	[PutIn 18 6|true]
	[AskLoc 17|inside(17,8)]
	[Move 8|true]
	[TakeOut 17 8|true]
	[Move 1|true]
	[PutDown 17|true]

# Time: 0.651
# Score: 210

<28.xml>
# Environment Description:
(:domain (hold 0) (plate 20) (at 0 10) (sort 1 human) (size 1 big) (at 1 1) (sort 2 bed) (size 2 big) (at 2 2) (sort 3 desk) (size 3 big) (at 3 3) (sort 4 chair) (size 4 big) (at 4 4) (sort 5 refrigerator) (size 5 big) (at 5 5) (type 5 container) (sort 6 closet) (size 6 big) (at 6 6) (type 6 container) (closed 6) (sort 7 television) (size 7 big) (at 7 7) (sort 8 microwave) (size 8 big) (at 8 8) (type 8 container) (sort 9 teapoy) (size 9 big) (at 9 9) (sort 10 couch) (size 10 big) (at 10 10) (sort 11 sofa) (size 11 big) (at 11 11) (sort 12 cupboard) (size 12 big) (at 12 12) (type 12 container) (opened 12) (sort 13 airconditioner) (size 13 big) (at 13 13) (sort 14 washmachine) (size 14 big) (at 14 14) (type 14 container) (sort 15 book) (size 15 small) (color 15 yellow) (sort 16 book) (size 16 small) (color 16 green) (sort 17 book) (size 17 small) (color 17 white) (sort 18 bottle) (size 18 small) (color 18 green) (at 18 8) (sort 19 bottle) (size 19 small) (color 19 blue) (sort 20 bottle) (size 20 small) (color 20 yellow) (sort 21 cup) (size 21 small) (color 21 white) (sort 22 remotecontrol) (size 22 small) (color 22 red) (inside 22 6) (sort 23 can) (size 23 small) (color 23 red) (at 23 4) (sort 24 can) (size 24 small) (color 24 green) (inside 24 14)  (at 17 7) (inside 21 6))
# Task Description:
The refrigerator is closed. The microwave is opened. The washmachine is opened. Put the green can in the cupboard. Put the red can on the airconditioner. Go to the sofa. Put the red remotecontrol on the television. Close the door of microwave. Put the yellow bottle on the airconditioner. Put the yellow book on the bed.
# Results:
	[Move 14|true]
	[TakeOut 24 14|true]
	[Move 12|true]
	[PutIn 24 12|true]
	[Move 4|true]
	[PickUp 23|true]
	[Move 13|true]
	[PutDown 23|true]
	[Move 6|true]
	[Open 6|true]
	[TakeOut 22 6|true]
	[Move 7|true]
	[PutDown 22|true]
	[FromPlate 20|true]
	[Move 13|true]
	[PutDown 20|true]
	[AskLoc 15|at(15,4)]
	[Move 4|true]
	[PickUp 15|false]
	[Sense | 4]
	[AskLoc 15|inside(15,14)]
	[Move 14|true]
	[TakeOut 15 14|true]
	[PutDown 15|true]
	[PickUp 15|true]
	[Move 2|true]
	[PutDown 15|true]
	[Move 8|true]
	[Close 8|true]
	[Move 11|true]

# Time: 0.569
# Score: 285

<29.xml>
# Environment Description:
(:domain (hold 0) (plate 15) (at 0 5) (sort 1 worktable) (size 1 big) (at 1 1) (sort 2 closet) (size 2 big) (at 2 2) (type 2 container) (closed 2) (sort 3 microwave) (size 3 big) (at 3 3) (type 3 container) (opened 3) (sort 4 plant) (size 4 big) (at 4 4) (sort 5 sofa) (size 5 big) (at 5 5) (sort 6 human) (size 6 big) (at 6 6) (sort 7 teapoy) (size 7 big) (at 7 7) (sort 8 can) (size 8 small) (color 8 red) (sort 9 can) (size 9 small) (color 9 green) (sort 10 can) (size 10 small) (color 10 black) (sort 11 can) (size 11 small) (color 11 white) (sort 12 bottle) (size 12 small) (color 12 red) (sort 13 bottle) (size 13 small) (color 13 blue) (sort 14 book) (size 14 small) (color 14 red) (sort 15 book) (size 15 small) (color 15 yellow)  (at 8 1) (at 9 4) (at 10 6) (inside 11 2))
# Task Description:
The black can must not be on the worktable. Close door of microwave. Put the black can on sofa. Put the blue bottle on worktable. Put the white can on worktable. Put the bottle which is red in microwave. Put the red can on the teapoy. Pick the book up which is red.
# Results:
	[Move 6|true]
	[PickUp 10|false]
	[Sense | 6 15]
	[AskLoc 10|at(10,1)]
	[Move 1|true]
	[PickUp 10|false]
	[Sense | 1 12 15]
	[AskLoc 10|inside(10,3)]
	[Move 3|true]
	[TakeOut 10 3|true]
	[PutDown 10|true]
	[PickUp 10|true]
	[Move 5|true]
	[PutDown 10|true]
	[AskLoc 13|inside(13,2)]
	[Move 2|true]
	[Open 2|true]
	[TakeOut 13 2|true]
	[Move 1|true]
	[PutDown 13|true]
	[Move 2|true]
	[TakeOut 11 2|false]
	[Sense | 2 15 8]
	[Close 2|true]
	[Sense | 15 2]
	[AskLoc 11|at(11,12)]
	[Move 12|false]
	[Move 1|true]
	[PickUp 12|true]
	[Move 3|true]
	[PutIn 12 3|true]
	[Move 2|true]
	[Open 2|true]
	[TakeOut 8 2|true]
	[Move 7|true]
	[PutDown 8|true]
	[Move 3|true]
	[Close 3|true]

# Time: 0.667
# Score: 208

<30.xml>
# Environment Description:
(:domain (hold 0) (plate 0) (at 0 4) (sort 1 couch) (size 1 big) (at 1 1) (sort 2 bed) (size 2 big) (at 2 2) (sort 3 table) (size 3 big) (at 3 3) (sort 4 desk) (size 4 big) (at 4 4) (sort 5 washmachine) (size 5 big) (at 5 5) (type 5 container) (closed 5) (sort 6 refrigerator) (size 6 big) (at 6 6) (type 6 container) (closed 6) (sort 8 book) (size 8 small) (color 8 red) (sort 9 book) (size 9 small) (color 9 blue) (inside 9 6) (sort 10 book) (size 10 small) (color 10 green) (sort 11 cup) (size 11 small) (color 11 red) (sort 12 cup) (size 12 small) (color 12 blue) (sort 13 cup) (size 13 small) (color 13 green) (at 13 3) (sort 14 can) (size 14 small) (color 14 white) (sort 15 can) (size 15 small) (color 15 black) (at 15 1)  (at 12 5) (at 14 1) (inside 10 6))
# Task Description:
Do not go to the table. Do not go to the desk. The book which is red must not be on plate. Do not take out red book from washmachine. Put a cup which is green on the couch. Put the white can on bed. Put the blue cup in the refrigerator. Pick the red cup up.
# Results:
	[Move 3|true]
	[PickUp 13|true]
	[Move 1|true]
	[PutDown 13|true]
	[PickUp 14|false]
	[Sense | 13 1 15]
	[AskLoc 14|inside(14,6)]
	[Move 6|true]
	[Open 6|true]
	[TakeOut 14 6|false]
	[Sense | 6 12 9]
	[Close 6|true]
	[Sense | 6]
	[AskLoc 14|inside(14,5)]
	[Move 5|true]
	[Open 5|true]
	[TakeOut 14 5|true]
	[Move 6|true]
	[PutDown 14|true]
	[Open 6|true]
	[PickUp 14|true]
	[PutIn 14 6|true]
	[TakeOut 14 6|true]
	[PutDown 14|true]
	[PickUp 14|true]
	[Move 2|true]
	[PutDown 14|true]
	[Move 6|true]
	[TakeOut 12 6|true]
	[PutIn 12 6|true]
	[AskLoc 11|at(11,4)]

# Time: 0.468
# Score: 197

<31.xml>
# Environment Description:
(:domain (hold 10) (plate 18) (at 0 8) (sort 1 human) (size 1 big) (at 1 1) (sort 2 desk) (size 2 big) (at 2 2) (sort 3 television) (size 3 big) (at 3 3) (sort 4 chair) (size 4 big) (at 4 4) (sort 5 bed) (size 5 big) (at 5 5) (sort 6 refrigerator) (size 6 big) (at 6 6) (type 6 container) (sort 7 closet) (size 7 big) (at 7 7) (type 7 container) (closed 7) (sort 8 cupboard) (size 8 big) (at 8 8) (type 8 container) (opened 8) (sort 9 microwave) (size 9 big) (at 9 9) (type 9 container) (sort 10 book) (size 10 small) (color 10 yellow) (sort 11 book) (size 11 small) (color 11 green) (sort 12 book) (size 12 small) (color 12 white) (sort 13 bottle) (size 13 small) (color 13 green) (sort 14 bottle) (size 14 small) (color 14 blue) (inside 14 7) (sort 15 cup) (size 15 small) (color 15 black) (sort 16 cup) (size 16 small) (color 16 white) (sort 17 remotecontrol) (size 17 small) (color 17 white) (sort 18 can) (size 18 small) (color 18 white)  (inside 12 7) (inside 13 9) (inside 16 9) (at 17 4))
# Task Description:
The door of refrigerator is closed. The door of microwave is opened. The blue bottle must be in closet. The green book must not be in closet. Put the white book in closet. Go to the human. Put the green bottle on the microwave. Pickup the white remotecontrol.
# Results:
	[PutDown 10|true]
	[Move 7|true]
	[Open 7|true]
	[TakeOut 12 7|false]
	[Sense | 18 7 14]
	[Close 7|true]
	[Sense | 7 18]
	[AskLoc 12|inside(12,9)]
	[Move 9|true]
	[TakeOut 12 9|true]
	[Move 7|true]
	[PutDown 12|true]
	[Open 7|true]
	[PickUp 12|true]
	[PutIn 12 7|true]
	[TakeOut 12 7|true]
	[PutIn 12 7|true]
	[Move 9|true]
	[TakeOut 13 9|false]
	[Sense | 9 18]
	[AskLoc 13|at(13,4)]
	[Move 4|true]
	[PickUp 13|true]
	[Move 9|true]
	[PutIn 13 9|true]
	[TakeOut 13 9|true]
	[PutDown 13|true]
	[Move 4|true]
	[PickUp 17|false]
	[Sense | 4 18]
	[AskLoc 17|inside(17,8)]
	[Move 8|true]
	[TakeOut 17 8|true]
	[PutDown 17|true]
	[PickUp 17|true]
	[Move 1|true]

# Time: 0.672
# Score: 200

<32.xml>
# Environment Description:
(:domain (hold 0) (plate 15) (at 0 5) (sort 1 worktable) (size 1 big) (at 1 1) (sort 2 closet) (size 2 big) (at 2 2) (type 2 container) (closed 2) (sort 3 microwave) (size 3 big) (at 3 3) (type 3 container) (opened 3) (sort 4 plant) (size 4 big) (at 4 4) (sort 5 sofa) (size 5 big) (at 5 5) (sort 6 human) (size 6 big) (at 6 6) (sort 7 teapoy) (size 7 big) (at 7 7) (sort 8 can) (size 8 small) (color 8 red) (sort 9 can) (size 9 small) (color 9 green) (sort 10 can) (size 10 small) (color 10 black) (sort 11 can) (size 11 small) (color 11 white) (sort 12 bottle) (size 12 small) (color 12 red) (sort 13 bottle) (size 13 small) (color 13 blue) (sort 14 book) (size 14 small) (color 14 red) (sort 15 book) (size 15 small) (color 15 yellow)  (at 8 1) (at 9 4) (at 10 6) (inside 11 2))
# Task Description:
Put the green can on sofa. Put the can which is red on sofa. Put the red bottle in the closet. Put the red book in the microwave. Go to the black can. Put the blue bottle on the sofa.
# Results:
	[Move 4|true]
	[PickUp 9|true]
	[Move 5|true]
	[PutDown 9|true]
	[Move 1|true]
	[PickUp 8|false]
	[Sense | 1 15]
	[AskLoc 8|inside(8,2)]
	[Move 2|true]
	[Open 2|true]
	[TakeOut 8 2|true]
	[PutDown 8|true]
	[PickUp 8|true]
	[Move 5|true]
	[PutDown 8|true]
	[AskLoc 12|inside(12,3)]
	[Move 3|true]
	[TakeOut 12 3|false]
	[Sense | 3 15 10]
	[Close 3|true]
	[Sense | 15 3]
	[AskLoc 12|at(12,6)]
	[Move 6|true]
	[PickUp 12|false]
	[Sense | 6 15]
	[AskLoc 12|not_known]
	[AskLoc 12|at(12,5)]
	[Move 5|true]
	[PickUp 12|true]
	[Move 3|true]
	[PutDown 12|true]
	[Open 3|true]
	[PickUp 12|true]
	[PutIn 12 3|true]
	[TakeOut 12 3|true]
	[Move 2|true]
	[PutIn 12 2|true]
	[AskLoc 14|at(14,3)]
	[Move 3|true]
	[PickUp 14|false]
	[Sense | 3 15 10]
	[Close 3|true]
	[Sense | 15 3]
	[AskLoc 14|at(14,1)]
	[Move 1|true]
	[PickUp 14|false]
	[Sense | 1 15]
	[AskLoc 14|at(14,5)]
	[Move 5|true]
	[PickUp 14|true]
	[Move 3|true]
	[PutDown 14|true]
	[Open 3|true]
	[PickUp 14|true]
	[PutIn 14 3|true]
	[AskLoc 13|inside(13,2)]
	[Move 2|true]
	[TakeOut 13 2|true]
	[Move 5|true]
	[PutDown 13|true]
	[Move 10|false]

# Time: 0.975
# Score: 131

<33.xml>
# Environment Description:
(:domain (hold 0) (plate 15) (at 0 5) (sort 1 worktable) (size 1 big) (at 1 1) (sort 2 closet) (size 2 big) (at 2 2) (type 2 container) (closed 2) (sort 3 microwave) (size 3 big) (at 3 3) (type 3 container) (opened 3) (sort 4 plant) (size 4 big) (at 4 4) (sort 5 sofa) (size 5 big) (at 5 5) (sort 6 human) (size 6 big) (at 6 6) (sort 7 teapoy) (size 7 big) (at 7 7) (sort 8 can) (size 8 small) (color 8 red) (sort 9 can) (size 9 small) (color 9 green) (at 9 4) (sort 10 can) (size 10 small) (color 10 black) (sort 11 can) (size 11 small) (color 11 white) (sort 12 bottle) (size 12 small) (color 12 red) (sort 13 bottle) (size 13 small) (color 13 blue) (sort 14 book) (size 14 small) (color 14 red) (sort 15 book) (size 15 small) (color 15 yellow)  (at 8 1) (at 10 6) (inside 11 2))
# Task Description:
The green can must not be on the plate. Close the door of microwave. Put the black can on worktable. Put the blue bottle on worktable. Put the red bottle in microwave. Pick up the red can. Put the yellow book on worktable. Put the red book on the teapoy.
# Results:
	[Move 6|true]
	[PickUp 10|false]
	[Sense | 6 15]
	[AskLoc 10|inside(10,3)]
	[Move 3|true]
	[TakeOut 10 3|true]
	[PutDown 10|true]
	[PickUp 10|true]
	[Move 1|true]
	[PutDown 10|true]
	[AskLoc 13|inside(13,2)]
	[Move 2|true]
	[Open 2|true]
	[TakeOut 13 2|true]
	[Move 1|true]
	[PutDown 13|true]
	[AskLoc 12|at(12,1)]
	[PickUp 12|true]
	[Move 3|true]
	[PutIn 12 3|true]
	[FromPlate 15|true]
	[Move 1|true]
	[PutDown 15|true]
	[AskLoc 14|at(14,5)]
	[Move 5|true]
	[PickUp 14|true]
	[Move 7|true]
	[PutDown 14|true]
	[Move 1|true]
	[PickUp 8|false]
	[Sense | 10 1 13 15]
	[AskLoc 8|inside(8,2)]
	[Move 2|true]
	[TakeOut 8 2|true]
	[PutDown 8|true]
	[PickUp 8|true]
	[Move 3|true]
	[PutDown 8|true]
	[Close 3|true]

# Time: 0.585
# Score: 228

<34.xml>
# Environment Description:
(:domain (hold 0) (plate 0) (at 0 4) (sort 1 couch) (size 1 big) (at 1 1) (sort 2 bed) (size 2 big) (at 2 2) (sort 3 table) (size 3 big) (at 3 3) (sort 4 desk) (size 4 big) (at 4 4) (sort 5 washmachine) (size 5 big) (at 5 5) (type 5 container) (closed 5) (sort 6 refrigerator) (size 6 big) (at 6 6) (type 6 container) (closed 6) (sort 8 book) (size 8 small) (color 8 red) (sort 9 book) (size 9 small) (color 9 blue) (inside 9 6) (sort 10 book) (size 10 small) (color 10 green) (sort 11 cup) (size 11 small) (color 11 red) (sort 12 cup) (size 12 small) (color 12 blue) (sort 13 cup) (size 13 small) (color 13 green) (at 13 3) (sort 14 can) (size 14 small) (color 14 white) (sort 15 can) (size 15 small) (color 15 black) (at 15 1)  (at 12 2) (at 14 5) (inside 10 2))
# Task Description:
The black can must be on couch. Do not go to couch. There must be the washmachine closed. Do not pick up the green book. Go to bed. Pick up the blue cup. Put the white can on bed. Put the red cup in the refrigerator. Put the green cup on the table.
# Results:
	[Move 5|true]
	[PickUp 14|false]
	[Open 5|true]
	[Sense | 5 14 8]
	[Close 5|true]
	[Sense | 5]
	[Open 5|true]
	[TakeOut 14 5|true]
	[PutDown 14|true]
	[PickUp 14|true]
	[Move 2|true]
	[PutDown 14|true]
	[AskLoc 11|inside(11,12)]
	[AskLoc 11|at(11,4)]
	[Move 4|true]
	[PickUp 11|true]
	[Move 6|true]
	[PutDown 11|true]
	[Open 6|true]
	[PickUp 11|true]
	[PutIn 11 6|true]
	[Move 3|true]
	[PickUp 13|true]
	[PutDown 13|true]
	[Move 2|true]
	[PickUp 12|false]
	[Sense | 2 10 14]
	[AskLoc 12|inside(12,6)]
	[Move 6|true]
	[TakeOut 12 6|true]
	[PutDown 12|true]
	[PickUp 12|true]

# Time: 0.464
# Score: 235

<35.xml>
# Environment Description:
(:domain (hold 0) (plate 20) (at 0 20) (sort 1 human) (size 1 big) (at 1 1) (sort 2 bed) (size 2 big) (at 2 2) (sort 3 desk) (size 3 big) (at 3 3) (sort 4 chair) (size 4 big) (at 4 4) (sort 5 refrigerator) (size 5 big) (at 5 5) (type 5 container) (sort 6 closet) (size 6 big) (at 6 6) (type 6 container) (closed 6) (sort 7 television) (size 7 big) (at 7 7) (sort 8 microwave) (size 8 big) (at 8 8) (type 8 container) (sort 9 teapoy) (size 9 big) (at 9 9) (sort 10 couch) (size 10 big) (at 10 10) (sort 11 sofa) (size 11 big) (at 11 11) (sort 12 cupboard) (size 12 big) (at 12 12) (type 12 container) (opened 12) (sort 13 airconditioner) (size 13 big) (at 13 13) (sort 14 washmachine) (size 14 big) (at 14 14) (type 14 container) (sort 15 book) (size 15 small) (color 15 yellow) (sort 16 book) (size 16 small) (color 16 green) (sort 17 book) (size 17 small) (color 17 white) (sort 18 bottle) (size 18 small) (color 18 green) (at 18 8) (sort 19 bottle) (size 19 small) (color 19 blue) (sort 20 bottle) (size 20 small) (color 20 yellow) (sort 21 cup) (size 21 small) (color 21 white) (sort 22 remotecontrol) (size 22 small) (color 22 red) (inside 22 6) (sort 23 can) (size 23 small) (color 23 red) (at 23 4) (sort 24 can) (size 24 small) (color 24 green) (inside 24 14)  (at 17 7) (inside 21 6))
# Task Description:
The refrigerator is closed. The microwave is opened. The washmachine is opened. Put the green can in the cupboard. Put the white cup on the sofa. Go to the sofa. Put the red remotecontrol on the television. Put the white book on the sofa. Close the door of microwave.
# Results:
	[Move 14|true]
	[TakeOut 24 14|true]
	[Move 12|true]
	[PutIn 24 12|true]
	[Move 6|true]
	[Open 6|true]
	[TakeOut 21 6|false]
	[Sense | 20 6 22]
	[Close 6|true]
	[Sense | 6 20]
	[AskLoc 21|inside(21,8)]
	[Move 8|true]
	[TakeOut 21 8|true]
	[Move 6|true]
	[PutDown 21|true]
	[Open 6|true]
	[PickUp 21|true]
	[PutIn 21 6|true]
	[TakeOut 21 6|true]
	[Move 11|true]
	[PutDown 21|true]
	[Move 6|true]
	[TakeOut 22 6|true]
	[Move 7|true]
	[PutDown 22|true]
	[PickUp 17|false]
	[Sense | 20 22 7]
	[AskLoc 17|inside(17,8)]
	[Move 8|true]
	[TakeOut 17 8|true]
	[PutDown 17|true]
	[PickUp 17|true]
	[Move 11|true]
	[PutDown 17|true]
	[Move 8|true]
	[Close 8|true]

# Time: 0.659
# Score: 195

<36.xml>
# Environment Description:
(:domain (hold 0) (plate 0) (at 0 4) (sort 1 couch) (size 1 big) (at 1 1) (sort 2 bed) (size 2 big) (at 2 2) (sort 3 table) (size 3 big) (at 3 3) (sort 4 desk) (size 4 big) (at 4 4) (sort 5 washmachine) (size 5 big) (at 5 5) (type 5 container) (closed 5) (sort 6 refrigerator) (size 6 big) (at 6 6) (type 6 container) (closed 6) (sort 7 human) (size 7 big) (at 7 7) (sort 8 book) (size 8 small) (color 8 red) (sort 9 book) (size 9 small) (color 9 blue) (inside 9 6) (sort 10 book) (size 10 small) (color 10 green) (sort 11 cup) (size 11 small) (color 11 red) (sort 12 cup) (size 12 small) (color 12 blue) (sort 13 cup) (size 13 small) (color 13 green) (at 13 3) (sort 14 can) (size 14 small) (color 14 white) (sort 15 can) (size 15 small) (color 15 black) (inside 15 6)  (inside 12 6) (at 14 1) (inside 10 6))
# Task Description:
Do not go to couch. Do not go to the table. Do not pick up the red book. Put the blue book on bed. Pick up the green cup. Put the black can in washmachine. Give the blue cup to human.
# Results:
	[Move 6|true]
	[Open 6|true]
	[TakeOut 9 6|true]
	[Move 2|true]
	[PutDown 9|true]
	[Move 6|true]
	[TakeOut 15 6|true]
	[Move 5|true]
	[PutDown 15|true]
	[Open 5|true]
	[PickUp 15|true]
	[PutIn 15 5|true]
	[Move 6|true]
	[TakeOut 12 6|false]
	[Sense | 6]
	[AskLoc 12|not_known]
	[AskLoc 12|at(12,2)]
	[Move 2|true]
	[PickUp 12|true]
	[Move 6|true]
	[PutIn 12 6|true]
	[TakeOut 12 6|true]
	[Move 7|true]
	[PutDown 12|true]

# Time: 0.426
# Score: 207

<37.xml>
# Environment Description:
(:domain (hold 0) (plate 0) (at 0 1) (sort 1 couch) (size 1 big) (at 1 1) (sort 2 chair) (size 2 big) (at 2 2) (sort 3 closet) (size 3 big) (at 3 3) (type 3 container) (closed 3) (sort 4 cupboard) (size 4 big) (at 4 4) (type 4 container) (opened 4) (sort 5 microwave) (size 5 big) (at 5 5) (type 5 container) (closed 5) (sort 6 book) (size 6 small) (color 6 red) (sort 7 book) (size 7 small) (color 7 blue) (sort 8 book) (size 8 small) (color 8 green) (sort 9 cup) (size 9 small) (color 9 red) (sort 10 bottle) (size 10 small) (color 10 red)  (at 8 1) (inside 10 5))
# Task Description:
Put the green book in microwave. Put the blue book in cupboard. Put the red book on couch. Go to the microwave. Put the red bottle in the microwave. Put the red cup on the chair.
# Results:
	[PickUp 8|false]
	[Sense | 1 9]
	[AskLoc 8|inside(8,4)]
	[Move 4|true]
	[TakeOut 8 4|true]
	[PutDown 8|true]
	[PickUp 8|true]
	[Move 5|true]
	[PutDown 8|true]
	[Open 5|true]
	[PickUp 8|true]
	[PutIn 8 5|true]
	[AskLoc 7|not_known]
	[AskLoc 7|inside(7,3)]
	[Move 3|true]
	[Open 3|true]
	[TakeOut 7 3|true]
	[Move 4|true]
	[PutIn 7 4|true]
	[AskLoc 6|at(6,2)]
	[Move 2|true]
	[PickUp 6|true]
	[Move 1|true]
	[PutDown 6|true]
	[Move 5|true]
	[TakeOut 10 5|false]
	[Sense | 5 8]
	[Close 5|true]
	[Sense | 5]
	[AskLoc 10|at(10,5)]
	[PickUp 10|false]
	[Open 5|true]
	[Sense | 5 8]
	[Close 5|true]
	[Sense | 5]
	[AskLoc 10|inside(10,3)]
	[Move 3|true]
	[TakeOut 10 3|true]
	[PutDown 10|true]
	[PickUp 10|true]
	[Move 5|true]
	[PutDown 10|true]
	[Open 5|true]
	[PickUp 10|true]
	[PutIn 10 5|true]
	[TakeOut 10 5|true]
	[PutIn 10 5|true]
	[Move 1|true]
	[PickUp 9|true]
	[Move 2|true]
	[PutDown 9|true]

# Time: 0.745
# Score: 165

<38.xml>
# Environment Description:
(:domain (hold 0) (at 0 2) (plate 8) (sort 1 cupboard) (size 1 big) (at 1 1) (type 1 container) (closed 1) (sort 2 bed) (size 2 big) (at 2 2) (sort 3 workspace) (size 3 big) (at 3 3) (sort 4 washmachine) (size 4 big) (at 4 4) (type 4 container) (opened 4) (sort 5 closet) (size 5 big) (at 5 5) (type 5 container) (opened 5) (sort 6 table) (size 6 big) (at 6 6) (sort 7 cup) (size 7 small) (color 7 white) (at 7 6) (sort 8 remotecontrol) (size 8 small) (color 8 red) (sort 9 cup) (size 9 small) (color 9 red) (at 9 6) (sort 10 book) (size 10 small) (color 10 black) (sort 11 remotecontrol) (size 11 small) (color 11 yellow) (sort 12 bottle) (size 12 small) (inside 12 4) (sort 13 can) (size 13 small) (color 13 white) (sort 14 bottle) (size 14 small)  (inside 10 5) (at 13 3) (inside 14 5))
# Task Description:
Put down the red remotecontrol. Put the white cup on closet. Put the red cup in the washmachine. Go to workspace. Pick up the black book. Put the bottle on the table.
# Results:
	[Move 6|true]
	[PickUp 7|true]
	[Move 5|true]
	[PutDown 7|true]
	[Move 6|true]
	[PickUp 9|true]
	[Move 4|true]
	[PutIn 9 4|true]
	[TakeOut 12 4|true]
	[Move 6|true]
	[PutDown 12|true]
	[Move 5|true]
	[TakeOut 10 5|false]
	[Sense | 7 5 8 11]
	[Close 5|true]
	[Sense | 8 5 7]
	[AskLoc 10|inside(10,1)]
	[Move 1|true]
	[Open 1|true]
	[TakeOut 10 1|true]
	[Move 5|true]
	[PutDown 10|true]
	[Open 5|true]
	[PickUp 10|true]
	[PutIn 10 5|true]
	[TakeOut 10 5|true]
	[PutDown 10|true]
	[PickUp 10|true]
	[PutDown 10|true]
	[FromPlate 8|true]
	[PutDown 8|true]
	[Move 3|true]

# Time: 0.52
# Score: 208

<39.xml>
# Environment Description:
(:domain (hold 0) (plate 0) (at 0 1) (sort 1 couch) (size 1 big) (at 1 1) (sort 2 chair) (size 2 big) (at 2 2) (sort 3 closet) (size 3 big) (at 3 3) (type 3 container) (closed 3) (sort 4 cupboard) (size 4 big) (at 4 4) (type 4 container) (opened 4) (sort 5 microwave) (size 5 big) (at 5 5) (type 5 container) (closed 5) (sort 6 human) (size 6 big) (at 6 6) (sort 7 book) (size 7 small) (color 7 blue) (sort 8 book) (size 8 small) (color 8 green) (sort 9 cup) (size 9 small) (color 9 red) (sort 10 bottle) (size 10 small) (color 10 red) (sort 11 book) (size 11 small) (color 11 red)  (at 8 1) (inside 10 5))
# Task Description:
The closet must not be opened. Close the door of cupboard. Put the green book in microwave. Pick the blue book up. Put the red cup in microwave. Go to the chair. Put the blue book on the couch. Give the red book to human.
# Results:
	[PickUp 8|false]
	[Sense | 1 9]
	[AskLoc 8|not_known]
	[AskLoc 8|not_known]
	[AskLoc 8|at(8,4)]
	[Move 4|true]
	[PickUp 8|false]
	[Sense | 4 8]
	[Close 4|true]
	[Sense | 4]
	[Open 4|true]
	[TakeOut 8 4|true]
	[PutDown 8|true]
	[PickUp 8|true]
	[Move 5|true]
	[PutDown 8|true]
	[Open 5|true]
	[PickUp 8|true]
	[PutIn 8 5|true]
	[Move 1|true]
	[PickUp 9|true]
	[Move 5|true]
	[PutIn 9 5|true]
	[AskLoc 7|at(7,5)]
	[PickUp 7|false]
	[Sense | 5 8 9]
	[Close 5|true]
	[Sense | 5]
	[AskLoc 7|inside(7,3)]
	[Move 3|true]
	[Open 3|true]
	[TakeOut 7 3|true]
	[PutDown 7|true]
	[PickUp 7|true]
	[Move 1|true]
	[PutDown 7|true]
	[AskLoc 11|at(11,5)]
	[Move 5|true]
	[PickUp 11|false]
	[Open 5|true]
	[Sense | 5 8 9]
	[Close 5|true]
	[Sense | 5]
	[AskLoc 11|at(11,2)]
	[Move 2|true]
	[PickUp 11|true]
	[Move 6|true]
	[PutDown 11|true]

# Time: 0.738
# Score: 97

<40.xml>
# Environment Description:
(:domain (plate 0) (hold 0) (at 0 9) (sort 1 cupboard) (size 1 big) (at 1 1) (type 1 container) (opened 1) (sort 2 worktable) (size 2 big) (at 2 2) (sort 3 couch) (size 3 big) (at 3 3) (sort 4 workspace) (size 4 big) (at 4 4) (sort 6 refrigerator) (size 6 big) (at 6 6) (type 6 container) (opened 6) (sort 7 couch) (size 7 big) (at 7 7) (sort 8 desk) (size 8 big) (at 8 8) (sort 9 bed) (size 9 big) (at 9 9) (sort 10 sofa) (size 10 big) (at 10 10) (sort 11 book) (size 11 small) (color 11 blue) (at 11 8) (sort 12 can) (size 12 small) (color 12 green) (inside 12 1) (sort 13 bottle) (size 13 small) (color 13 red) (at 13 2) (sort 14 remotecontrol) (size 14 small) (color 14 black) (sort 15 can) (size 15 small)(color 15 white) (at 15 7) (sort 16 remotecontrol) (size 16 small) (color 16 red) (sort 17 can) (size 17 small) (color 17 yellow) (sort 18 cup) (size 18 small) (color 18 green) (inside 18 1) (sort 19 remotecontrol) (size 19 small) (color 19 white) (sort 20 bottle) (size 20 small) (color 20 black) (at 20 7) (sort 21 can) (size 21 small) (color 21 red) (at 21 10)  (at 14 9) (at 16 8) (at 17 4))
# Task Description:
Take out the green can from cupboard. Pick up the red remotecontrol. Put the blue book in cupboard. The red can must be on sofa. Put the green cup in the refrigerator. Put the white remotecontrol on the sofa.
# Results:
	[Move 8|true]
	[PickUp 11|true]
	[Move 1|true]
	[PutIn 11 1|true]
	[TakeOut 18 1|true]
	[Move 6|true]
	[PutIn 18 6|true]
	[AskLoc 19|at(19,2)]
	[Move 2|true]
	[PickUp 19|false]
	[Sense | 2 13 17]
	[AskLoc 19|at(19,3)]
	[Move 3|true]
	[PickUp 19|true]
	[Move 10|true]
	[PutDown 19|true]
	[Move 1|true]
	[TakeOut 12 1|true]
	[PutDown 12|true]
	[Move 8|true]
	[PickUp 16|false]
	[Sense | 8]
	[AskLoc 16|at(16,6)]
	[Move 6|true]
	[PickUp 16|true]

# Time: 0.454
# Score: 204

<41.xml>
# Environment Description:
(:domain (hold 0) (plate 17) (at 0 1) (sort 1 human) (size 1 big) (at 1 2) (sort 2 bed) (size 2 big) (at 2 2) (sort 3 desk) (size 3 big) (at 3 3) (sort 4 chair) (size 4 big) (at 4 4) (sort 5 refrigerator) (size 5 big) (at 5 5) (type 5 container) (sort 6 closet) (size 6 big) (at 6 6) (type 6 container) (closed 6) (sort 7 television) (size 7 big) (at 7 7) (sort 8 microwave) (size 8 big) (at 8 8) (type 8 container) (sort 9 teapoy) (size 9 big) (at 9 9) (sort 10 couch) (size 10 big) (at 10 10) (sort 11 sofa) (size 11 big) (at 11 11) (sort 12 cupboard) (size 12 big) (at 12 12) (type 12 container) (opened 12) (sort 13 airconditioner) (size 13 big) (at 13 13) (sort 14 washmachine) (size 14 big) (at 14 14) (type 14 container) (opened 14) (sort 15 book) (size 15 small) (color 15 yellow) (sort 16 book) (size 16 small) (color 16 green) (sort 17 book) (size 17 small) (color 17 white) (sort 18 bottle) (size 18 small) (color 18 green) (at 18 2) (sort 19 bottle) (size 19 small) (color 19 blue) (sort 20 bottle) (size 20 small) (color 20 yellow) (at 20 3) (sort 21 cup) (size 21 small) (color 21 white) (sort 22 remotecontrol) (size 22 small) (color 22 red) (sort 23 can) (size 23 small) (color 23 green) (at 23 4) (sort 24 can) (size 24 small) (color 24 white)  (at 21 9) (at 24 1))
# Task Description:
The refrigerator is closed. There is an opened microwave. Put the green can on bed. Put the white book in cupboard. Give human the yellow book. Put the green book on the desk. Do not close the microwave. Go to the washmachine. Put the red remotecontrol in the cupboard.
# Results:
	[Move 4|true]
	[PickUp 23|true]
	[Move 2|true]
	[PutDown 23|true]
	[FromPlate 17|true]
	[Move 12|true]
	[PutIn 17 12|true]
	[AskLoc 15|inside(15,14)]
	[Move 14|true]
	[TakeOut 15 14|true]
	[Move 2|true]
	[PutDown 15|true]
	[AskLoc 16|at(16,2)]
	[PickUp 16|true]
	[Move 3|true]
	[PutDown 16|true]
	[AskLoc 22|inside(22,14)]
	[Move 14|true]
	[TakeOut 22 14|true]
	[Move 12|true]
	[PutIn 22 12|true]

# Time: 0.38
# Score: 254

<42.xml>
# Environment Description:
(:domain (hold 0) (plate 0) (at 0 4) (sort 1 couch) (size 1 big) (at 1 1) (sort 2 bed) (size 2 big) (at 2 2) (sort 3 table) (size 3 big) (at 3 3) (sort 4 desk) (size 4 big) (at 4 4) (sort 5 washmachine) (size 5 big) (at 5 5) (type 5 container) (closed 5) (sort 6 refrigerator) (size 6 big) (at 6 6) (type 6 container) (closed 6) (sort 8 book) (size 8 small) (color 8 red) (sort 9 book) (size 9 small) (color 9 blue) (inside 9 6) (sort 10 book) (size 10 small) (color 10 green) (sort 11 cup) (size 11 small) (color 11 red) (sort 12 cup) (size 12 small) (color 12 blue) (sort 13 cup) (size 13 small) (color 13 green) (at 13 3) (sort 14 can) (size 14 small) (color 14 white) (sort 15 can) (size 15 small) (color 15 black) (at 15 1)  (at 12 2) (at 14 1) (inside 10 6))
# Task Description:
Put the green cup in washmachine. Put the black can in refrigerator. Take out the blue book from refrigerator. Pick up the blue cup. Go to the refrigerator. Put the green book on the bed.
# Results:
	[Move 3|true]
	[PickUp 13|true]
	[Move 5|true]
	[PutDown 13|true]
	[Open 5|true]
	[PickUp 13|true]
	[PutIn 13 5|true]
	[Move 1|true]
	[PickUp 15|true]
	[Move 6|true]
	[PutDown 15|true]
	[Open 6|true]
	[PickUp 15|true]
	[PutIn 15 6|true]
	[TakeOut 10 6|false]
	[Sense | 6 12 9 15]
	[Close 6|true]
	[Sense | 6]
	[AskLoc 10|at(10,2)]
	[Move 2|true]
	[PickUp 10|true]
	[Move 6|true]
	[PutDown 10|true]
	[Open 6|true]
	[PickUp 10|true]
	[PutIn 10 6|true]
	[TakeOut 10 6|true]
	[Move 2|true]
	[PutDown 10|true]
	[Move 6|true]
	[TakeOut 9 6|true]
	[PutDown 9|true]
	[TakeOut 12 6|true]
	[PutDown 12|true]
	[PickUp 12|true]

# Time: 0.505
# Score: 244

<43.xml>
# Environment Description:
(:domain (hold 0) (plate 17) (at 0 1) (sort 1 human) (size 1 big) (at 1 2) (sort 2 bed) (size 2 big) (at 2 2) (sort 3 desk) (size 3 big) (at 3 3) (sort 4 chair) (size 4 big) (at 4 4) (sort 5 refrigerator) (size 5 big) (at 5 5) (type 5 container) (sort 6 closet) (size 6 big) (at 6 6) (type 6 container) (closed 6) (sort 7 television) (size 7 big) (at 7 7) (sort 8 microwave) (size 8 big) (at 8 8) (type 8 container) (sort 9 teapoy) (size 9 big) (at 9 9) (sort 10 couch) (size 10 big) (at 10 10) (sort 11 sofa) (size 11 big) (at 11 11) (sort 12 cupboard) (size 12 big) (at 12 12) (type 12 container) (opened 12) (sort 13 airconditioner) (size 13 big) (at 13 13) (sort 14 washmachine) (size 14 big) (at 14 14) (type 14 container) (opened 14) (sort 15 book) (size 15 small) (color 15 yellow) (sort 16 book) (size 16 small) (color 16 green) (sort 17 book) (size 17 small) (color 17 white) (sort 18 bottle) (size 18 small) (color 18 green) (at 18 2) (sort 19 bottle) (size 19 small) (color 19 blue) (sort 20 bottle) (size 20 small) (color 20 yellow) (at 20 3) (sort 21 cup) (size 21 small) (color 21 white) (sort 22 remotecontrol) (size 22 small) (color 22 white) (sort 23 can) (size 23 small) (color 23 blue) (inside 23 5) (sort 24 can) (size 24 small) (color 24 yellow)  (at 21 9) (at 24 1))
# Task Description:
The refrigerator is closed. The microwave is opened. Put the blue can on bed. Put the book which is white in cupboard. Give human the white book. Put the green book on desk. Put the yellow book in the cupboard. Put the yellow can on the desk.
# Results:
	[Move 5|true]
	[Open 5|true]
	[TakeOut 23 5|true]
	[Move 2|true]
	[PutDown 23|true]
	[FromPlate 17|true]
	[Move 12|true]
	[PutIn 17 12|true]
	[TakeOut 17 12|true]
	[Move 2|true]
	[PutDown 17|true]
	[AskLoc 16|at(16,1)]
	[Move 1|true]
	[PickUp 16|false]
	[Sense | 21]
	[AskLoc 16|not_known]
	[AskLoc 16|not_known]
	[AskLoc 16|at(16,4)]
	[Move 4|true]
	[PickUp 16|false]
	[Sense | 4]
	[AskLoc 16|at(16,2)]
	[Move 2|true]
	[PickUp 16|true]
	[Move 3|true]
	[PutDown 16|true]
	[AskLoc 15|inside(15,14)]
	[Move 14|true]
	[TakeOut 15 14|true]
	[Move 12|true]
	[PutIn 15 12|true]
	[AskLoc 24|inside(24,8)]
	[Move 8|true]
	[TakeOut 24 8|true]
	[Move 3|true]
	[PutDown 24|true]

# Time: 0.675
# Score: 192

<44.xml>
# Environment Description:
(:domain (at 0 4) (plate 13) (hold 0) (sort 2 chair) (size 2 big) (at 2 2) (sort 3 sofa) (size 3 big) (at 3 3) (sort 4 table) (size 4 big) (at 4 4) (sort 5 washmachine) (size 5 big) (at 5 5) (type 5 container) (opened 5) (sort 8 bottle) (size 8 small) (color 8 red) (at 8 3) (sort 9 remotecontrol) (size 9 small) (color 9 yellow) (sort 10 can) (size 10 small) (color 10 yellow) (inside 10 5) (sort 11 cup) (size 11 small) (color 11 white) (at 11 2) (sort 12 can) (size 12 small) (color 12 white) (inside 12 5) (sort 13 cup) (size 13 small) (color 13 green) (sort 14 can) (size 14 small) (color 14 black) (at 14 3) (sort 15 book) (size 15 small) (color 15 red) (at 15 4) (sort 17 cup) (size 17 small) (color 17 black) (sort 18 bottle) (size 18 small) (color 18 blue) (at 18 3) (sort 20 remotecontrol) (size 20 small) (color 20 white) (sort 21 book) (size 21 small) (color 21 blue) (at 21 2) (sort 22 bottle) (size 22 small) (color 22 red) (at 22 1)  (inside 17 4) (at 18 5))
# Task Description:
Put the blue bottle on the table. Put the red bottle on the washmachine. Take out the white can from washmachine. Put the white cup on washmachine. Go to the sofa. Put the yellow can on the table. Pick the white remotecontrol up.
# Results:
	[Move 5|true]
	[PickUp 18|false]
	[Sense | 5 13 10 12 20 17]
	[Close 5|true]
	[Sense | 13 5]
	[AskLoc 18|at(18,4)]
	[Move 4|true]
	[PickUp 18|true]
	[PutDown 18|true]
	[Move 3|true]
	[PickUp 8|true]
	[Move 5|true]
	[PutDown 8|true]
	[Move 2|true]
	[PickUp 11|true]
	[Move 5|true]
	[PutDown 11|true]
	[Open 5|true]
	[TakeOut 10 5|true]
	[Move 4|true]
	[PutDown 10|true]
	[Move 5|true]
	[TakeOut 12 5|true]
	[PutDown 12|true]
	[TakeOut 20 5|true]
	[PutDown 20|true]
	[PickUp 20|true]

# Time: 0.499
# Score: 222

<45.xml>
# Environment Description:
(:domain (plate 0) (hold 0) (at 0 13) (sort 2 sofa) (size 2 big) (at 2 2) (sort 4 chair) (size 4 big) (at 4 4) (sort 5 plant) (size 5 big) (at 5 5) (sort 6 refrigerator) (size 6 big) (at 6 6) (type 6 container) (opened 6) (sort 8 teapoy) (size 8 big) (at 8 8) (sort 9 human) (size 9 big) (at 9 9) (sort 10 airconditioner) (size 10 big) (at 10 10) (sort 11 washmachine) (size 11 big) (at 11 11) (type 11 container) (closed 11) (sort 12 microwave) (size 12 big) (at 12 12) (type 12 container) (opened 12) (sort 13 sofa) (size 13 big) (at 13 13) (sort 14 couch) (size 14 big) (at 14 14) (sort 15 cup) (size 15 small) (color 15 white) (inside 15 12) (sort 16 remotecontrol) (size 16 small) (color 16 white) (at 16 10) (sort 17 cup) (size 17 small) (color 17 yellow) (sort 19 can) (size 19 small) (color 19 green) (at 19 5) (sort 20 can) (size 20 small) (color 20 blue) (inside 20 11) (sort 21 cup) (size 21 small) (color 21 red) (inside 21 6)  (inside 17 10))
# Task Description:
Take out the white cup from microwave. Close the refrigerator. Pick up the blue can. Put the yellow cup on the teapoy. Put the white cup in the microwave.
# Results:
	[AskLoc 17|inside(17,6)]
	[Move 6|true]
	[TakeOut 17 6|true]
	[Move 8|true]
	[PutDown 17|true]
	[Move 12|true]
	[TakeOut 15 12|true]
	[PutIn 15 12|true]
	[Move 11|true]
	[Open 11|true]
	[TakeOut 20 11|true]
	[PutDown 20|true]
	[PickUp 20|true]
	[Move 6|true]
	[PutDown 20|true]
	[Close 6|true]

# Time: 0.298
# Score: 172

<46.xml>
# Environment Description:
(:domain (at 0 8) (sort 3 human) (size 3 big) (at 3 3) (sort 4 washmachine) (size 4 big) (at 4 4) (type 4 container) (opened 4) (sort 5 teapoy) (size 5 big) (at 5 5) (sort 7 chair) (size 7 big) (at 7 7) (sort 8 cupboard) (size 8 big) (at 8 8) (type 8 container) (closed 8) (sort 9 worktable) (size 9 big) (at 9 9) (sort 10 desk) (size 10 big) (at 10 10) (sort 11 closet) (size 11 big) (at 11 11) (type 11 container) (closed 11) (sort 12 plant) (size 12 big) (at 12 12) (sort 13 remotecontrol) (size 13 small) (color 13 white) (at 13 12) (sort 14 bottle) (size 14 small) (color 14 blue) (at 14 3) (sort 15 can) (size 15 small) (color 15 yellow) (plate 15) (sort 16 can) (size 16 small) (color 16 white) (sort 17 can) (size 17 small) (color 17 red) (inside 17 8) (sort 18 bottle) (size 18 small) (color 18 green) (at 18 12) (sort 19 cup) (size 19 small) (color 19 yellow) (sort 20 cup) (size 20 small) (color 20 red) (at 20 9) (sort 21 cup) (size 21 small) (color 21 green) (hold 21) (sort 22 remotecontrol) (size 22 small) (color 22 red) (inside 22 4)  (at 16 3))
# Task Description:
Put the white can in washmachine. Open the cupboard. Put down the yellow can. Go to desk. The yellow cup is on chair. Put the green bottle on the desk. Put the yellow cup in the cupboard. Pick the red remotecontrol up.
# Results:
	[PutDown 21|true]
	[Move 3|true]
	[PickUp 16|false]
	[Sense | 3 14 15]
	[AskLoc 16|inside(16,8)]
	[Move 8|true]
	[Open 8|true]
	[TakeOut 16 8|true]
	[PutDown 16|true]
	[PickUp 16|true]
	[Move 4|true]
	[PutIn 16 4|true]
	[Move 12|true]
	[PickUp 18|true]
	[Move 10|true]
	[PutDown 18|true]
	[AskLoc 19|at(19,7)]
	[Move 7|true]
	[PickUp 19|true]
	[Move 8|true]
	[PutIn 19 8|true]
	[Move 4|true]
	[TakeOut 22 4|true]
	[PutDown 22|true]
	[PickUp 22|true]
	[PutDown 22|true]
	[FromPlate 15|true]
	[PutDown 15|true]

# Time: 0.535
# Score: 217

<47.xml>
# Environment Description:
(:domain (hold 0) (at 0 2) (sort 1 sofa) (size 1 big) (at 1 1) (sort 2 plant) (size 2 big) (at 2 2) (sort 7 refrigerator) (size 7 big) (at 7 7) (type 7 container) (closed 7) (sort 8 bed) (size 8 big) (at 8 8) (sort 9 table) (size 9 big) (at 9 9) (sort 10 desk) (size 10 big) (at 10 10) (sort 11 human) (size 11 big) (at 11 11) (sort 13 chair) (size 13 big) (at 13 13) (sort 14 microwave) (size 14 big) (at 14 14) (type 14 container) (opened 14) (sort 15 bottle) (size 15 small) (color 15 blue) (at 15 9) (sort 16 bottle) (size 16 small) (color 16 blue) (sort 17 can) (size 17 small) (at 17 13) (color 17 white) (sort 19 cup) (size 19 small) (color 19 blue) (sort 20 book) (size 20 small) (color 20 red) (at 20 2) (sort 21 can) (size 21 small) (color 21 green) (at 21 10) (sort 22 remotecontrol) (color 22 white) (size 22 small) (at 22 9) (sort 23 cup) (size 23 small) (color 23 white) (sort 24 can) (size 24 small) (color 24 yellow) (sort 25 remotecontrol) (color 25 blue) (size 25 small) (plate 25) (sort 26 cup) (size 26 small) (color 26 black) (inside 26 7) (sort 27 bottle) (size 27 small) (color 27 yellow) (at 27 2) (sort 28 can) (size 28 small) (color 28 blue) (sort 29 remotecontrol) (color 29 yellow) (size 29 small) (at 29 1) (sort 30 cup) (size 30 small) (color 30 yellow) (at 30 11)  (inside 19 8) (at 24 10))
# Task Description:
Put down the green can. Put the yellow bottle on microwave. Pick up the red book. Go to microwave. There must be the microwave opened. Put the yellow remotecontrol on the table.
# Results:
	[PickUp 27|true]
	[Move 14|true]
	[PutDown 27|true]
	[Move 1|true]
	[PickUp 29|true]
	[Move 9|true]
	[PutDown 29|true]
	[Move 2|true]
	[PickUp 20|true]
	[PutDown 20|true]
	[Move 10|true]
	[PickUp 21|true]
	[PutDown 21|true]

# Time: 0.285
# Score: 198

<48.xml>
# Environment Description:
(:domain (at 0 1) (sort 1 microwave) (size 1 big) (at 1 1) (type 1 container) (closed 1) (sort 2 desk) (size 2 big) (at 2 2) (sort 3 chair) (size 3 big) (at 3 3) (sort 4 desk) (size 4 big) (at 4 4) (sort 5 cup) (size 5 small) (color 5 black) (at 5 4) (sort 6 cup) (size 6 small) (color 6 yellow) (sort 7 book) (size 7 small) (color 7 blue) (inside 7 1) (sort 8 can) (size 8 small) (color 8 black) (sort 9 bottle) (size 9 small) (color 9 blue) (plate 9) (sort 10 bottle) (size 10 small) (color 10 yellow) (at 10 3) (sort 11 cup) (size 11 small) (color 11 white) (at 11 4) (sort 12 remotecontrol) (size 12 small) (color 12 white) (sort 13 can) (size 13 small) (hold 13) (sort 14 book) (size 14 small) (color 14 yellow) (at 14 3)  (inside 6 3) (at 8 4))
# Task Description:
Pick up the remotecontrol. Pick up the white cup. Open the microwave. The white cup must not be on chair. Put the black cup on the desk.
# Results:
	[PutDown 13|true]
	[Move 4|true]
	[PickUp 5|true]
	[Move 2|true]
	[PutDown 5|true]
	[AskLoc 12|at(12,4)]
	[Move 4|true]
	[PickUp 12|true]
	[PutDown 12|true]
	[PickUp 11|true]
	[Move 1|true]
	[PutDown 11|true]
	[Open 1|true]

# Time: 0.158
# Score: 122

<49.xml>
# Environment Description:
(:domain (hold 0) (plate 20) (at 0 10) (sort 1 human) (size 1 big) (at 1 1) (sort 2 bed) (size 2 big) (at 2 2) (sort 3 desk) (size 3 big) (at 3 3) (sort 4 chair) (size 4 big) (at 4 4) (sort 5 refrigerator) (size 5 big) (at 5 5) (type 5 container) (sort 6 closet) (size 6 big) (at 6 6) (type 6 container) (closed 6) (sort 7 television) (size 7 big) (at 7 7) (sort 8 microwave) (size 8 big) (at 8 8) (type 8 container) (sort 9 teapoy) (size 9 big) (at 9 9) (sort 10 couch) (size 10 big) (at 10 10) (sort 11 sofa) (size 11 big) (at 11 11) (sort 12 cupboard) (size 12 big) (at 12 12) (type 12 container) (opened 12) (sort 13 airconditioner) (size 13 big) (at 13 13) (sort 14 washmachine) (size 14 big) (at 14 14) (type 14 container) (sort 15 book) (size 15 small) (color 15 yellow) (sort 16 book) (size 16 small) (color 16 green) (sort 17 book) (size 17 small) (color 17 white) (sort 18 bottle) (size 18 small) (color 18 green) (at 18 8) (sort 19 bottle) (size 19 small) (color 19 blue) (sort 20 bottle) (size 20 small) (color 20 yellow) (sort 21 cup) (size 21 small) (color 21 white) (sort 22 remotecontrol) (color 22 white) (size 22 small) (inside 22 6) (sort 23 can) (size 23 small) (color 23 red) (at 23 4) (sort 24 can) (size 24 small) (color 24 green) (inside 24 14)  (at 17 7) (inside 21 6))
# Task Description:
The refrigerator is closed. The microwave is opened. The washmachine is opened. Put the green can in the cupboard. Put the red can on the airconditioner. Go to the sofa. Put the white book on sofa. Put the white remotecontrol on the television. Close door of microwave. The yellow bottle must be on plate. Put the green book on the desk. Put the red can in the refrigerator.
# Results:
	[Move 14|true]
	[TakeOut 24 14|true]
	[Move 12|true]
	[PutIn 24 12|true]
	[Move 4|true]
	[PickUp 23|true]
	[Move 13|true]
	[PutDown 23|true]
	[Move 7|true]
	[PickUp 17|false]
	[Sense | 7 20]
	[AskLoc 17|inside(17,8)]
	[Move 8|true]
	[TakeOut 17 8|true]
	[PutDown 17|true]
	[PickUp 17|true]
	[Move 11|true]
	[PutDown 17|true]
	[Move 6|true]
	[Open 6|true]
	[TakeOut 22 6|true]
	[Move 7|true]
	[PutDown 22|true]
	[AskLoc 16|at(16,2)]
	[Move 2|true]
	[PickUp 16|true]
	[Move 3|true]
	[PutDown 16|true]
	[Move 13|true]
	[PickUp 23|true]
	[Move 5|true]
	[PutDown 23|true]
	[Open 5|true]
	[PickUp 23|true]
	[PutIn 23 5|true]
	[Move 8|true]
	[Close 8|true]

# Time: 0.752
# Score: 243

<50.xml>
# Environment Description:
(:domain (plate 0) (at 0 12) (sort 1 sofa) (size 1 big) (at 1 1) (sort 2 teapoy) (size 2 big) (at 2 2) (sort 3 bed) (size 3 big) (at 3 3) (sort 4 cupboard) (size 4 big) (at 4 4) (type 4 container) (sort 5 couch) (size 5 big) (at 5 5) (sort 6 desk) (size 6 big) (at 6 6) (sort 7 chair) (size 7 big) (at 7 7) (sort 8 closet) (size 8 big) (at 8 8) (type 8 container) (opened 8) (sort 9 airconditioner) (size 9 big) (at 9 9) (sort 11 plant) (size 11 big) (at 11 11) (sort 12 television) (size 12 big) (at 12 12) (sort 14 table) (size 14 big) (at 14 14) (sort 15 workspace) (size 15 big) (at 15 15) (sort 16 cup) (size 16 small) (color 16 white) (at 16 15) (sort 17 cup) (size 17 small) (color 17 blue) (at 17 14) (sort 18 bottle) (size 18 small) (color 18 yellow) (hold 18) (sort 19 book) (size 19 small) (color 19 blue) (inside 19 4) (sort 20 cup) (size 20 small) (color 20 red) (sort 21 book) (size 21 small) (color 21 black) (at 21 9) (sort 22 book) (size 22 small) (color 22 yellow) (sort 23 can) (size 23 small) (color 23 green) (at 23 15) (sort 24 remotecontrol) (size 24 small) (color 24 red) (sort 25 remotecontrol) (size 25 small) (color 25 white) (at 25 15) (sort 26 can) (size 26 small) (color 26 blue) (sort 27 cup) (size 27 small) (color 27 black) (at 27 5) (sort 28 can) (size 28 small) (color 28 red) (at 28 6)  (at 20 4) (at 24 4))
# Task Description:
Go to desk. Pick up the red remotecontrol. Put the blue cup on airconditioner. The red cup is on teapoy. The cupboard is closed. The closet must be opened. Put the red cup on the chair. Put the black cup on the teapoy.
# Results:
	[PutDown 18|true]
	[Move 14|true]
	[PickUp 17|true]
	[Move 9|true]
	[PutDown 17|true]
	[Move 2|true]
	[PickUp 20|true]
	[Move 7|true]
	[PutDown 20|true]
	[Move 5|true]
	[PickUp 27|true]
	[Move 2|true]
	[PutDown 27|true]
	[Move 4|true]
	[PickUp 24|false]
	[Open 4|true]
	[Sense | 4 19]
	[Close 4|true]
	[Sense | 4]
	[AskLoc 24|at(24,5)]
	[Move 5|true]
	[PickUp 24|true]
	[Move 6|true]

# Time: 0.464
# Score: 248

Total Score: 10723
